Using pre-set license
Built from '2020.3/staging' branch; Version is '2020.3.11f1 (99c7afb366b3) revision 10078127'; Using compiler version '192528614'; Build Type 'Release'
OS: 'Windows 10 Home; OS build 19045.3803; Version 2009; 64bit' Language: 'en' Physical Memory: 7959 MB
BatchMode: 1, IsHumanControllingUs: 0, StartBugReporterOnCrash: 0, Is64bit: 1, IsPro: 0

 COMMAND LINE ARGUMENTS:
D:\Editor\2020.3.11f1\Editor\Unity.exe
-adb2
-batchMode
-noUpm
-name
AssetImportWorker0
-projectPath
D:/game/Endless-Runner-Game
-logFile
Logs/AssetImportWorker0.log
-srvPort
51884
Successfully changed project path to: D:/game/Endless-Runner-Game
D:/game/Endless-Runner-Game
Using Asset Import Pipeline V2.
Refreshing native plugins compatible for Editor in 132.00 ms, found 2 plugins.
Preloading 0 native plugins for Editor in 0.00 ms.
Initialize engine version: 2020.3.11f1 (99c7afb366b3)
[Subsystems] Discovering subsystems at path D:/Editor/2020.3.11f1/Editor/Data/Resources/UnitySubsystems
[Subsystems] Discovering subsystems at path D:/game/Endless-Runner-Game/Assets
GfxDevice: creating device client; threaded=0
Direct3D:
    Version:  Direct3D 11.0 [level 11.1]
    Renderer: NVIDIA GeForce MX230 (ID=0x1d11)
    Vendor:   
    VRAM:     1982 MB
    Driver:   31.0.15.3209
Initialize mono
Mono path[0] = 'D:/Editor/2020.3.11f1/Editor/Data/Managed'
Mono path[1] = 'D:/Editor/2020.3.11f1/Editor/Data/MonoBleedingEdge/lib/mono/unityjit'
Mono config path = 'D:/Editor/2020.3.11f1/Editor/Data/MonoBleedingEdge/etc'
Using monoOptions --debugger-agent=transport=dt_socket,embedding=1,server=y,suspend=n,address=127.0.0.1:56340
Begin MonoManager ReloadAssembly
Registering precompiled unity dll's ...
Register platform support module: D:/Editor/2020.3.11f1/Editor/Data/PlaybackEngines/WindowsStandaloneSupport/UnityEditor.WindowsStandalone.Extensions.dll
Registered in 0.006126 seconds.
Native extension for WindowsStandalone target not found
Refreshing native plugins compatible for Editor in 114.00 ms, found 2 plugins.
Preloading 0 native plugins for Editor in 0.00 ms.
Mono: successfully reloaded assembly
- Completed reload, in  5.768 seconds
Platform modules already initialized, skipping
Registering precompiled user dll's ...
Registered in 0.021110 seconds.
Begin MonoManager ReloadAssembly
Native extension for WindowsStandalone target not found
Refreshing native plugins compatible for Editor in 0.82 ms, found 2 plugins.
Preloading 0 native plugins for Editor in 0.00 ms.
Mono: successfully reloaded assembly
- Completed reload, in  2.870 seconds
Platform modules already initialized, skipping
========================================================================
Worker process is ready to serve import requests
Launched and connected shader compiler UnityShaderCompiler.exe after 0.15 seconds
Refreshing native plugins compatible for Editor in 0.79 ms, found 2 plugins.
Preloading 0 native plugins for Editor in 0.00 ms.
Unloading 1577 Unused Serialized files (Serialized files now loaded: 0)
System memory in use before: 73.5 MB.
System memory in use after: 73.6 MB.

Unloading 33 unused Assets to reduce memory usage. Loaded Objects now: 1997.
Total: 3.480800 ms (FindLiveObjects: 0.224200 ms CreateObjectMapping: 0.077000 ms MarkObjects: 2.888700 ms  DeleteObjects: 0.288600 ms)

========================================================================
Received Import Request.
  path: Assets/Scenes/GAME_OVER_SCREEN.unity
  artifactKey: Guid(3108b3de913ebc4409bd578f642338b6) Importer(815301076,1909f56bfc062723c751e8b465ee728b)
Start importing Assets/Scenes/GAME_OVER_SCREEN.unity using Guid(3108b3de913ebc4409bd578f642338b6) Importer(815301076,1909f56bfc062723c751e8b465ee728b)  -> (artifact id: '2cd7292c5e1f9117364432d96966067e') in 0.042566 seconds
  Import took 0.050654 seconds .

========================================================================
Received Prepare
Registering precompiled user dll's ...
Registered in 0.021360 seconds.
Begin MonoManager ReloadAssembly
Native extension for WindowsStandalone target not found
Refreshing native plugins compatible for Editor in 1.83 ms, found 2 plugins.
Preloading 0 native plugins for Editor in 0.00 ms.
Mono: successfully reloaded assembly
- Completed reload, in  2.107 seconds
Platform modules already initialized, skipping
Refreshing native plugins compatible for Editor in 1.65 ms, found 2 plugins.
Preloading 0 native plugins for Editor in 0.00 ms.
Unloading 1553 Unused Serialized files (Serialized files now loaded: 0)
System memory in use before: 71.6 MB.
System memory in use after: 71.7 MB.

Unloading 28 unused Assets to reduce memory usage. Loaded Objects now: 2000.
Total: 2.353000 ms (FindLiveObjects: 0.174700 ms CreateObjectMapping: 0.059800 ms MarkObjects: 2.032200 ms  DeleteObjects: 0.084400 ms)

========================================================================
Received Import Request.
  Time since last request: 445.003559 seconds.
  path: Assets/Scenes/GAME_OVER_SCREEN.unity
  artifactKey: Guid(3108b3de913ebc4409bd578f642338b6) Importer(815301076,1909f56bfc062723c751e8b465ee728b)
Start importing Assets/Scenes/GAME_OVER_SCREEN.unity using Guid(3108b3de913ebc4409bd578f642338b6) Importer(815301076,1909f56bfc062723c751e8b465ee728b)  -> (artifact id: '2ab0bbebeb80a492e60406a31b740155') in 0.055002 seconds
  Import took 0.061865 seconds .

========================================================================
Received Import Request.
  Time since last request: 13.860624 seconds.
  path: Assets/Scenes/high.unity
  artifactKey: Guid(b10d0b14b3649ce4b83fbf8ea26266a8) Importer(815301076,1909f56bfc062723c751e8b465ee728b)
Start importing Assets/Scenes/high.unity using Guid(b10d0b14b3649ce4b83fbf8ea26266a8) Importer(815301076,1909f56bfc062723c751e8b465ee728b)  -> (artifact id: 'bbc1bc98edba3a6b4ffd332747089aab') in 0.024879 seconds
  Import took 0.032364 seconds .

========================================================================
Received Prepare
Refreshing native plugins compatible for Editor in 17.68 ms, found 2 plugins.
Preloading 0 native plugins for Editor in 0.00 ms.
Unloading 26 Unused Serialized files (Serialized files now loaded: 0)
System memory in use before: 41.4 MB.
System memory in use after: 41.5 MB.

Unloading 26 unused Assets to reduce memory usage. Loaded Objects now: 2000.
Total: 8.075600 ms (FindLiveObjects: 0.379000 ms CreateObjectMapping: 0.214800 ms MarkObjects: 7.356800 ms  DeleteObjects: 0.122100 ms)

========================================================================
Received Prepare
Registering precompiled user dll's ...
Registered in 0.009494 seconds.
Begin MonoManager ReloadAssembly
Native extension for WindowsStandalone target not found
Refreshing native plugins compatible for Editor in 0.70 ms, found 2 plugins.
Preloading 0 native plugins for Editor in 0.00 ms.
Mono: successfully reloaded assembly
- Completed reload, in  1.578 seconds
Platform modules already initialized, skipping
Refreshing native plugins compatible for Editor in 1.71 ms, found 2 plugins.
Preloading 0 native plugins for Editor in 0.00 ms.
Unloading 1553 Unused Serialized files (Serialized files now loaded: 0)
System memory in use before: 71.6 MB.
System memory in use after: 71.7 MB.

Unloading 28 unused Assets to reduce memory usage. Loaded Objects now: 2003.
Total: 4.372300 ms (FindLiveObjects: 0.281100 ms CreateObjectMapping: 0.104700 ms MarkObjects: 3.892000 ms  DeleteObjects: 0.092700 ms)

========================================================================
Received Import Request.
  Time since last request: 554.375910 seconds.
  path: Assets/SCRIPTS/GAME_OVER.cs
  artifactKey: Guid(83a4c34c563259b4baeba70a2c3953b7) Importer(815301076,1909f56bfc062723c751e8b465ee728b)
Start importing Assets/SCRIPTS/GAME_OVER.cs using Guid(83a4c34c563259b4baeba70a2c3953b7) Importer(815301076,1909f56bfc062723c751e8b465ee728b)  -> (artifact id: '9636c388e17cf2fed651072738e45a34') in 0.079365 seconds
  Import took 0.085810 seconds .

========================================================================
Received Import Request.
  Time since last request: 637.848001 seconds.
  path: Assets/SCRIPTS/ScoreUI.cs
  artifactKey: Guid(f99136c18c5ba434cbb4341a69efd457) Importer(815301076,1909f56bfc062723c751e8b465ee728b)
Start importing Assets/SCRIPTS/ScoreUI.cs using Guid(f99136c18c5ba434cbb4341a69efd457) Importer(815301076,1909f56bfc062723c751e8b465ee728b)  -> (artifact id: 'dbf5df9ac7108dc14c415f295f1dad47') in 0.020810 seconds
  Import took 0.027071 seconds .

========================================================================
Received Import Request.
  Time since last request: 0.001525 seconds.
  path: Assets/SCRIPTS/ScoreUI.cs
  artifactKey: Guid(f99136c18c5ba434cbb4341a69efd457) Importer(815301076,1909f56bfc062723c751e8b465ee728b)
Start importing Assets/SCRIPTS/ScoreUI.cs using Guid(f99136c18c5ba434cbb4341a69efd457) Importer(815301076,1909f56bfc062723c751e8b465ee728b)  -> (artifact id: 'dbf5df9ac7108dc14c415f295f1dad47') in 0.005915 seconds
  Import took 0.012691 seconds .

========================================================================
Received Import Request.
  Time since last request: 74.295937 seconds.
  path: Assets/SCRIPTS/RowUI.cs
  artifactKey: Guid(b4bb6c0c498e8cf48974bde47d1f922b) Importer(815301076,1909f56bfc062723c751e8b465ee728b)
Start importing Assets/SCRIPTS/RowUI.cs using Guid(b4bb6c0c498e8cf48974bde47d1f922b) Importer(815301076,1909f56bfc062723c751e8b465ee728b)  -> (artifact id: 'ea132f60aa7950b147fc1f4efba6bf29') in 0.026797 seconds
  Import took 0.031134 seconds .

========================================================================
Received Import Request.
  Time since last request: 409.423536 seconds.
  path: Assets/Scenes/Main Menu.unity
  artifactKey: Guid(de622dbb43a0f0143a8afb71dfbb6795) Importer(815301076,1909f56bfc062723c751e8b465ee728b)
Start importing Assets/Scenes/Main Menu.unity using Guid(de622dbb43a0f0143a8afb71dfbb6795) Importer(815301076,1909f56bfc062723c751e8b465ee728b)  -> (artifact id: 'c73f86bc27ec5f182c1211d3d9aa4ec9') in 0.094235 seconds
  Import took 0.100688 seconds .

========================================================================
Received Import Request.
  Time since last request: 59.928210 seconds.
  path: Packages/com.unity.timeline/DocCodeExamples/DocCodeExamples.asmdef
  artifactKey: Guid(9550f6b9c1ac87345a996c43f204fb30) Importer(815301076,1909f56bfc062723c751e8b465ee728b)
Start importing Packages/com.unity.timeline/DocCodeExamples/DocCodeExamples.asmdef using Guid(9550f6b9c1ac87345a996c43f204fb30) Importer(815301076,1909f56bfc062723c751e8b465ee728b)  -> (artifact id: 'f483ce6ab1cf87d08116251ed81213b3') in 0.029600 seconds
  Import took 0.033662 seconds .

========================================================================
Received Import Request.
  Time since last request: 0.004836 seconds.
  path: Packages/com.unity.timeline/DocCodeExamples/DocCodeExamples.asmdef
  artifactKey: Guid(9550f6b9c1ac87345a996c43f204fb30) Importer(815301076,1909f56bfc062723c751e8b465ee728b)
Start importing Packages/com.unity.timeline/DocCodeExamples/DocCodeExamples.asmdef using Guid(9550f6b9c1ac87345a996c43f204fb30) Importer(815301076,1909f56bfc062723c751e8b465ee728b)  -> (artifact id: 'f483ce6ab1cf87d08116251ed81213b3') in 0.007351 seconds
  Import took 0.013192 seconds .

========================================================================
Received Import Request.
  Time since last request: 67.033121 seconds.
  path: Assets/Scenes/Main Menu.unity
  artifactKey: Guid(de622dbb43a0f0143a8afb71dfbb6795) Importer(815301076,1909f56bfc062723c751e8b465ee728b)
Start importing Assets/Scenes/Main Menu.unity using Guid(de622dbb43a0f0143a8afb71dfbb6795) Importer(815301076,1909f56bfc062723c751e8b465ee728b)  -> (artifact id: 'e68095ed017479e97b1ac4ad5a0a0e00') in 0.005415 seconds
  Import took 0.012824 seconds .

========================================================================
Received Import Request.
  Time since last request: 0.000903 seconds.
  path: Assets/Scenes/Main Menu.unity
  artifactKey: Guid(de622dbb43a0f0143a8afb71dfbb6795) Importer(815301076,1909f56bfc062723c751e8b465ee728b)
Start importing Assets/Scenes/Main Menu.unity using Guid(de622dbb43a0f0143a8afb71dfbb6795) Importer(815301076,1909f56bfc062723c751e8b465ee728b)  -> (artifact id: 'e68095ed017479e97b1ac4ad5a0a0e00') in 0.004045 seconds
  Import took 0.009876 seconds .

========================================================================
Received Import Request.
  Time since last request: 232.327024 seconds.
  path: Assets/sound/456370__felixyadomi__hop5.wav
  artifactKey: Guid(81d15dc7bfc17094a962f8484d489ae9) Importer(815301076,1909f56bfc062723c751e8b465ee728b)
Start importing Assets/sound/456370__felixyadomi__hop5.wav using Guid(81d15dc7bfc17094a962f8484d489ae9) Importer(815301076,1909f56bfc062723c751e8b465ee728b)  -> (artifact id: '7fab970ea24d36e140f9d60dfbaca42f') in 0.339231 seconds
  Import took 0.347161 seconds .

========================================================================
Received Import Request.
  Time since last request: 0.000258 seconds.
  path: Assets/TextMesh Pro/Examples _ Extras/Resources/Fonts _ Materials/Anton SDF.asset
  artifactKey: Guid(8a89fa14b10d46a99122fd4f73fca9a2) Importer(815301076,1909f56bfc062723c751e8b465ee728b)
Start importing Assets/TextMesh Pro/Examples _ Extras/Resources/Fonts _ Materials/Anton SDF.asset using Guid(8a89fa14b10d46a99122fd4f73fca9a2) Importer(815301076,1909f56bfc062723c751e8b465ee728b)  -> (artifact id: '8c976d00e9b54390898f028dbde39599') in 0.191706 seconds
  Import took 0.195777 seconds .

========================================================================
Received Import Request.
  Time since last request: 0.000302 seconds.
  path: Assets/TextMesh Pro/Examples _ Extras/Textures/Brushed Metal 3.jpg
  artifactKey: Guid(f88677df267a41d6be1e7a6133e7d227) Importer(815301076,1909f56bfc062723c751e8b465ee728b)
Start importing Assets/TextMesh Pro/Examples _ Extras/Textures/Brushed Metal 3.jpg using Guid(f88677df267a41d6be1e7a6133e7d227) Importer(815301076,1909f56bfc062723c751e8b465ee728b)  -> (artifact id: '3ede9ebdcf06da7bc9c6ecdfde3f4d13') in 0.068071 seconds
  Import took 0.071865 seconds .

========================================================================
Received Import Request.
  Time since last request: 0.000374 seconds.
  path: Assets/PLAYER MODEL/PLAYER_BASE.fbx
  artifactKey: Guid(b7946a8269754d843832fefa39816f12) Importer(815301076,1909f56bfc062723c751e8b465ee728b)
Start importing Assets/PLAYER MODEL/PLAYER_BASE.fbx using Guid(b7946a8269754d843832fefa39816f12) Importer(815301076,1909f56bfc062723c751e8b465ee728b)  -> (artifact id: '676ee25417d6bd1fdecedeca0c991c14') in 0.275040 seconds
  Import took 0.282746 seconds .

========================================================================
Received Import Request.
  Time since last request: 0.000412 seconds.
  path: Assets/sound/CHIPTUNE_The_Old_Tower_Inn.mp3
  artifactKey: Guid(1eac464c56623334baf18641242ed324) Importer(815301076,1909f56bfc062723c751e8b465ee728b)
Start importing Assets/sound/CHIPTUNE_The_Old_Tower_Inn.mp3 using Guid(1eac464c56623334baf18641242ed324) Importer(815301076,1909f56bfc062723c751e8b465ee728b)  -> (artifact id: '2c394f63e9df286263de6555a896ca70') in 0.040720 seconds
  Import took 0.046883 seconds .

========================================================================
Received Import Request.
  Time since last request: 0.000239 seconds.
  path: Assets/PLAYER MODEL/CLOTH_2.fbx
  artifactKey: Guid(b4eaecefaae7fa14f80806e1eb0e5d20) Importer(815301076,1909f56bfc062723c751e8b465ee728b)
Start importing Assets/PLAYER MODEL/CLOTH_2.fbx using Guid(b4eaecefaae7fa14f80806e1eb0e5d20) Importer(815301076,1909f56bfc062723c751e8b465ee728b)  -> (artifact id: '8635422a9dc114b2976b2735f094ef1e') in 0.215591 seconds
  Import took 0.222406 seconds .

========================================================================
Received Import Request.
  Time since last request: 0.000824 seconds.
  path: Assets/PLAYER MODEL/CLOTH_1.fbx
  artifactKey: Guid(37e9e81638abccd49b507ac968b9b9be) Importer(815301076,1909f56bfc062723c751e8b465ee728b)
Start importing Assets/PLAYER MODEL/CLOTH_1.fbx using Guid(37e9e81638abccd49b507ac968b9b9be) Importer(815301076,1909f56bfc062723c751e8b465ee728b)  -> (artifact id: 'ce627de70198ba46747d997282f01035') in 0.271353 seconds
  Import took 0.278219 seconds .

========================================================================
Received Import Request.
  Time since last request: 55.436298 seconds.
  path: Assets/Scenes/Main Menu.unity
  artifactKey: Guid(de622dbb43a0f0143a8afb71dfbb6795) Importer(815301076,1909f56bfc062723c751e8b465ee728b)
Start importing Assets/Scenes/Main Menu.unity using Guid(de622dbb43a0f0143a8afb71dfbb6795) Importer(815301076,1909f56bfc062723c751e8b465ee728b)  -> (artifact id: 'c7a65e6296042eb88d7cb2ef67e27baf') in 0.054579 seconds
  Import took 0.060555 seconds .

========================================================================
Received Prepare
Registering precompiled user dll's ...
Registered in 0.015505 seconds.
Begin MonoManager ReloadAssembly
Native extension for WindowsStandalone target not found
Refreshing native plugins compatible for Editor in 0.86 ms, found 2 plugins.
Preloading 0 native plugins for Editor in 0.00 ms.
Mono: successfully reloaded assembly
- Completed reload, in  2.036 seconds
Platform modules already initialized, skipping
Refreshing native plugins compatible for Editor in 0.49 ms, found 2 plugins.
Preloading 0 native plugins for Editor in 0.00 ms.
Unloading 1553 Unused Serialized files (Serialized files now loaded: 0)
System memory in use before: 88.9 MB.
System memory in use after: 89.0 MB.

Unloading 29 unused Assets to reduce memory usage. Loaded Objects now: 2056.
Total: 4.180400 ms (FindLiveObjects: 0.302300 ms CreateObjectMapping: 0.087200 ms MarkObjects: 3.605000 ms  DeleteObjects: 0.184100 ms)

========================================================================
Received Prepare
Registering precompiled user dll's ...
Registered in 0.005493 seconds.
Begin MonoManager ReloadAssembly
Native extension for WindowsStandalone target not found
Refreshing native plugins compatible for Editor in 0.79 ms, found 2 plugins.
Preloading 0 native plugins for Editor in 0.00 ms.
Mono: successfully reloaded assembly
- Completed reload, in  2.199 seconds
Platform modules already initialized, skipping
Refreshing native plugins compatible for Editor in 1.15 ms, found 2 plugins.
Preloading 0 native plugins for Editor in 0.00 ms.
Unloading 1553 Unused Serialized files (Serialized files now loaded: 0)
System memory in use before: 88.9 MB.
System memory in use after: 89.0 MB.

Unloading 28 unused Assets to reduce memory usage. Loaded Objects now: 2059.
Total: 3.059100 ms (FindLiveObjects: 0.157500 ms CreateObjectMapping: 0.043700 ms MarkObjects: 2.704000 ms  DeleteObjects: 0.151500 ms)

========================================================================
Received Import Request.
  Time since last request: 936.531247 seconds.
  path: Assets/Scenes/LogIn.unity
  artifactKey: Guid(bfb4f636dae427548b01e91df60e1990) Importer(815301076,1909f56bfc062723c751e8b465ee728b)
Start importing Assets/Scenes/LogIn.unity using Guid(bfb4f636dae427548b01e91df60e1990) Importer(815301076,1909f56bfc062723c751e8b465ee728b)  -> (artifact id: 'cc875937a958fc148c6032a87f90418f') in 0.099447 seconds
  Import took 0.109633 seconds .

========================================================================
Received Import Request.
  Time since last request: 12.431185 seconds.
  path: Assets/Scenes/Main Menu.unity
  artifactKey: Guid(de622dbb43a0f0143a8afb71dfbb6795) Importer(815301076,1909f56bfc062723c751e8b465ee728b)
Start importing Assets/Scenes/Main Menu.unity using Guid(de622dbb43a0f0143a8afb71dfbb6795) Importer(815301076,1909f56bfc062723c751e8b465ee728b)  -> (artifact id: '9ab8ea0c3bfc506cc7fb02b8ff558129') in 0.006071 seconds
  Import took 0.013159 seconds .

========================================================================
Received Import Request.
  Time since last request: 674.316108 seconds.
  path: Assets/Scenes/LogIn.unity
  artifactKey: Guid(bfb4f636dae427548b01e91df60e1990) Importer(815301076,1909f56bfc062723c751e8b465ee728b)
Start importing Assets/Scenes/LogIn.unity using Guid(bfb4f636dae427548b01e91df60e1990) Importer(815301076,1909f56bfc062723c751e8b465ee728b)  -> (artifact id: '647577c4acb067ca522fe46202c7eb6a') in 0.008642 seconds
  Import took 0.015300 seconds .

========================================================================
Received Import Request.
  Time since last request: 133.832506 seconds.
  path: Assets/Scenes/LogIn.unity
  artifactKey: Guid(bfb4f636dae427548b01e91df60e1990) Importer(815301076,1909f56bfc062723c751e8b465ee728b)
Start importing Assets/Scenes/LogIn.unity using Guid(bfb4f636dae427548b01e91df60e1990) Importer(815301076,1909f56bfc062723c751e8b465ee728b)  -> (artifact id: '3bc7b622758b4366ae5d27a475cd0562') in 0.011190 seconds
  Import took 0.017216 seconds .

========================================================================
Received Import Request.
  Time since last request: 74.039990 seconds.
  path: Assets/Scenes/Main Menu.unity
  artifactKey: Guid(de622dbb43a0f0143a8afb71dfbb6795) Importer(815301076,1909f56bfc062723c751e8b465ee728b)
Start importing Assets/Scenes/Main Menu.unity using Guid(de622dbb43a0f0143a8afb71dfbb6795) Importer(815301076,1909f56bfc062723c751e8b465ee728b)  -> (artifact id: '2bdf1c42acd3eb9195d35b05d3089877') in 0.004095 seconds
  Import took 0.009786 seconds .

========================================================================
Received Import Request.
  Time since last request: 39.726948 seconds.
  path: Assets/Scenes/LogIn.unity
  artifactKey: Guid(bfb4f636dae427548b01e91df60e1990) Importer(815301076,1909f56bfc062723c751e8b465ee728b)
Start importing Assets/Scenes/LogIn.unity using Guid(bfb4f636dae427548b01e91df60e1990) Importer(815301076,1909f56bfc062723c751e8b465ee728b)  -> (artifact id: '1d8a28b509939e6cdc1b45065d5d7186') in 0.006658 seconds
  Import took 0.016725 seconds .

========================================================================
Received Prepare
Registering precompiled user dll's ...
Registered in 0.010461 seconds.
Begin MonoManager ReloadAssembly
Native extension for WindowsStandalone target not found
Refreshing native plugins compatible for Editor in 1.10 ms, found 2 plugins.
Preloading 0 native plugins for Editor in 0.00 ms.
Mono: successfully reloaded assembly
- Completed reload, in  1.736 seconds
Platform modules already initialized, skipping
Refreshing native plugins compatible for Editor in 0.59 ms, found 2 plugins.
Preloading 0 native plugins for Editor in 0.00 ms.
Unloading 1553 Unused Serialized files (Serialized files now loaded: 0)
System memory in use before: 88.9 MB.
System memory in use after: 89.0 MB.

Unloading 28 unused Assets to reduce memory usage. Loaded Objects now: 2062.
Total: 2.636500 ms (FindLiveObjects: 0.203000 ms CreateObjectMapping: 0.110900 ms MarkObjects: 2.143600 ms  DeleteObjects: 0.177700 ms)

========================================================================
Received Prepare
Registering precompiled user dll's ...
Registered in 0.007926 seconds.
Begin MonoManager ReloadAssembly
Native extension for WindowsStandalone target not found
Refreshing native plugins compatible for Editor in 0.93 ms, found 2 plugins.
Preloading 0 native plugins for Editor in 0.00 ms.
Mono: successfully reloaded assembly
- Completed reload, in  2.495 seconds
Platform modules already initialized, skipping
Refreshing native plugins compatible for Editor in 2.72 ms, found 2 plugins.
Preloading 0 native plugins for Editor in 0.00 ms.
Unloading 1553 Unused Serialized files (Serialized files now loaded: 0)
System memory in use before: 88.9 MB.
System memory in use after: 89.0 MB.

Unloading 28 unused Assets to reduce memory usage. Loaded Objects now: 2065.
Total: 2.952100 ms (FindLiveObjects: 0.152400 ms CreateObjectMapping: 0.047600 ms MarkObjects: 2.631900 ms  DeleteObjects: 0.118000 ms)

========================================================================
Received Prepare
Registering precompiled user dll's ...
Registered in 0.006795 seconds.
Begin MonoManager ReloadAssembly
Native extension for WindowsStandalone target not found
Refreshing native plugins compatible for Editor in 0.74 ms, found 2 plugins.
Preloading 0 native plugins for Editor in 0.00 ms.
Mono: successfully reloaded assembly
- Completed reload, in  1.987 seconds
Platform modules already initialized, skipping
Refreshing native plugins compatible for Editor in 2.60 ms, found 2 plugins.
Preloading 0 native plugins for Editor in 0.00 ms.
Unloading 1553 Unused Serialized files (Serialized files now loaded: 0)
System memory in use before: 88.9 MB.
System memory in use after: 89.0 MB.

Unloading 28 unused Assets to reduce memory usage. Loaded Objects now: 2068.
Total: 4.838000 ms (FindLiveObjects: 0.122500 ms CreateObjectMapping: 0.036800 ms MarkObjects: 4.284400 ms  DeleteObjects: 0.388800 ms)

========================================================================
Received Prepare
Refreshing native plugins compatible for Editor in 8.14 ms, found 2 plugins.
Preloading 0 native plugins for Editor in 0.00 ms.
Unloading 26 Unused Serialized files (Serialized files now loaded: 0)
System memory in use before: 58.7 MB.
System memory in use after: 58.8 MB.

Unloading 26 unused Assets to reduce memory usage. Loaded Objects now: 2068.
Total: 2.106300 ms (FindLiveObjects: 0.163900 ms CreateObjectMapping: 0.052500 ms MarkObjects: 1.814600 ms  DeleteObjects: 0.074300 ms)

========================================================================
Received Prepare
Refreshing native plugins compatible for Editor in 11.76 ms, found 2 plugins.
Preloading 0 native plugins for Editor in 0.00 ms.
Unloading 26 Unused Serialized files (Serialized files now loaded: 0)
System memory in use before: 58.7 MB.
System memory in use after: 58.8 MB.

Unloading 26 unused Assets to reduce memory usage. Loaded Objects now: 2068.
Total: 3.763100 ms (FindLiveObjects: 0.242100 ms CreateObjectMapping: 0.072500 ms MarkObjects: 3.349700 ms  DeleteObjects: 0.097200 ms)

========================================================================
Received Import Request.
  Time since last request: 762.532184 seconds.
  path: Assets/Scenes/LogIn.unity
  artifactKey: Guid(bfb4f636dae427548b01e91df60e1990) Importer(815301076,1909f56bfc062723c751e8b465ee728b)
Start importing Assets/Scenes/LogIn.unity using Guid(bfb4f636dae427548b01e91df60e1990) Importer(815301076,1909f56bfc062723c751e8b465ee728b)  -> (artifact id: 'bb28ad9a9a80969b9c6a6a4d7cfd8d4d') in 0.086010 seconds
  Import took 0.091780 seconds .

========================================================================
Received Import Request.
  Time since last request: 76.233406 seconds.
  path: Assets/Scenes/Main Menu.unity
  artifactKey: Guid(de622dbb43a0f0143a8afb71dfbb6795) Importer(815301076,1909f56bfc062723c751e8b465ee728b)
Start importing Assets/Scenes/Main Menu.unity using Guid(de622dbb43a0f0143a8afb71dfbb6795) Importer(815301076,1909f56bfc062723c751e8b465ee728b)  -> (artifact id: '161756111045334c4ed1ffff11e88dea') in 0.007781 seconds
  Import took 0.019618 seconds .

========================================================================
Received Prepare
Registering precompiled user dll's ...
Registered in 0.006688 seconds.
Begin MonoManager ReloadAssembly
Native extension for WindowsStandalone target not found
Refreshing native plugins compatible for Editor in 0.89 ms, found 2 plugins.
Preloading 0 native plugins for Editor in 0.00 ms.
Mono: successfully reloaded assembly
- Completed reload, in  2.166 seconds
Platform modules already initialized, skipping
Refreshing native plugins compatible for Editor in 1.45 ms, found 2 plugins.
Preloading 0 native plugins for Editor in 0.00 ms.
Unloading 1553 Unused Serialized files (Serialized files now loaded: 0)
System memory in use before: 89.0 MB.
System memory in use after: 89.0 MB.

Unloading 28 unused Assets to reduce memory usage. Loaded Objects now: 2071.
Total: 3.422200 ms (FindLiveObjects: 0.404600 ms CreateObjectMapping: 0.110800 ms MarkObjects: 2.765200 ms  DeleteObjects: 0.138700 ms)

========================================================================
Received Prepare
Refreshing native plugins compatible for Editor in 13.60 ms, found 2 plugins.
Preloading 0 native plugins for Editor in 0.00 ms.
Unloading 26 Unused Serialized files (Serialized files now loaded: 0)
System memory in use before: 58.7 MB.
System memory in use after: 58.8 MB.

Unloading 26 unused Assets to reduce memory usage. Loaded Objects now: 2071.
Total: 3.112600 ms (FindLiveObjects: 0.154200 ms CreateObjectMapping: 0.046100 ms MarkObjects: 2.838600 ms  DeleteObjects: 0.072000 ms)

========================================================================
Received Import Request.
  Time since last request: 122.917473 seconds.
  path: Assets/SCRIPTS/MainMenu.cs
  artifactKey: Guid(e7b8dc057e350e043b6d03887fd4b9a9) Importer(815301076,1909f56bfc062723c751e8b465ee728b)
Start importing Assets/SCRIPTS/MainMenu.cs using Guid(e7b8dc057e350e043b6d03887fd4b9a9) Importer(815301076,1909f56bfc062723c751e8b465ee728b)  -> (artifact id: '1c584e3cbc2d13bfd6e7b07bd1a8d006') in 0.020181 seconds
  Import took 0.025757 seconds .

========================================================================
Received Import Request.
  Time since last request: 0.015444 seconds.
  path: Assets/SCRIPTS/MainMenu.cs
  artifactKey: Guid(e7b8dc057e350e043b6d03887fd4b9a9) Importer(815301076,1909f56bfc062723c751e8b465ee728b)
Start importing Assets/SCRIPTS/MainMenu.cs using Guid(e7b8dc057e350e043b6d03887fd4b9a9) Importer(815301076,1909f56bfc062723c751e8b465ee728b)  -> (artifact id: '1c584e3cbc2d13bfd6e7b07bd1a8d006') in 0.004875 seconds
  Import took 0.011621 seconds .

========================================================================
Received Prepare
Registering precompiled user dll's ...
Registered in 0.007612 seconds.
Begin MonoManager ReloadAssembly
Native extension for WindowsStandalone target not found
Refreshing native plugins compatible for Editor in 0.63 ms, found 2 plugins.
Preloading 0 native plugins for Editor in 0.00 ms.
Mono: successfully reloaded assembly
- Completed reload, in  2.044 seconds
Platform modules already initialized, skipping
Refreshing native plugins compatible for Editor in 1.11 ms, found 2 plugins.
Preloading 0 native plugins for Editor in 0.00 ms.
Unloading 1553 Unused Serialized files (Serialized files now loaded: 0)
System memory in use before: 89.0 MB.
System memory in use after: 89.0 MB.

Unloading 28 unused Assets to reduce memory usage. Loaded Objects now: 2074.
Total: 2.626300 ms (FindLiveObjects: 0.166100 ms CreateObjectMapping: 0.047100 ms MarkObjects: 2.289900 ms  DeleteObjects: 0.121500 ms)

========================================================================
Received Import Request.
  Time since last request: 17.031299 seconds.
  path: Assets/SCRIPTS/MainMenu.cs
  artifactKey: Guid(e7b8dc057e350e043b6d03887fd4b9a9) Importer(815301076,1909f56bfc062723c751e8b465ee728b)
Start importing Assets/SCRIPTS/MainMenu.cs using Guid(e7b8dc057e350e043b6d03887fd4b9a9) Importer(815301076,1909f56bfc062723c751e8b465ee728b)  -> (artifact id: 'ea93ff2a13cc2d473e2b213f77caa804') in 0.040092 seconds
  Import took 0.043806 seconds .

========================================================================
Received Prepare
Registering precompiled user dll's ...
Registered in 0.005560 seconds.
Begin MonoManager ReloadAssembly
Native extension for WindowsStandalone target not found
Refreshing native plugins compatible for Editor in 0.94 ms, found 2 plugins.
Preloading 0 native plugins for Editor in 0.00 ms.
Mono: successfully reloaded assembly
- Completed reload, in  1.948 seconds
Platform modules already initialized, skipping
Refreshing native plugins compatible for Editor in 1.02 ms, found 2 plugins.
Preloading 0 native plugins for Editor in 0.00 ms.
Unloading 1553 Unused Serialized files (Serialized files now loaded: 0)
System memory in use before: 89.0 MB.
System memory in use after: 89.1 MB.

Unloading 28 unused Assets to reduce memory usage. Loaded Objects now: 2077.
Total: 3.889500 ms (FindLiveObjects: 0.281200 ms CreateObjectMapping: 0.082600 ms MarkObjects: 3.389700 ms  DeleteObjects: 0.133900 ms)

========================================================================
Received Prepare
Refreshing native plugins compatible for Editor in 12.33 ms, found 2 plugins.
Preloading 0 native plugins for Editor in 0.00 ms.
Unloading 26 Unused Serialized files (Serialized files now loaded: 0)
System memory in use before: 58.8 MB.
System memory in use after: 58.8 MB.

Unloading 26 unused Assets to reduce memory usage. Loaded Objects now: 2077.
Total: 4.245400 ms (FindLiveObjects: 0.354900 ms CreateObjectMapping: 0.121700 ms MarkObjects: 3.652600 ms  DeleteObjects: 0.114000 ms)

========================================================================
Received Prepare
Registering precompiled user dll's ...
Registered in 0.012889 seconds.
Begin MonoManager ReloadAssembly
Native extension for WindowsStandalone target not found
Refreshing native plugins compatible for Editor in 1.85 ms, found 2 plugins.
Preloading 0 native plugins for Editor in 0.00 ms.
Mono: successfully reloaded assembly
- Completed reload, in  1.993 seconds
Platform modules already initialized, skipping
Refreshing native plugins compatible for Editor in 2.53 ms, found 2 plugins.
Preloading 0 native plugins for Editor in 0.00 ms.
Unloading 1553 Unused Serialized files (Serialized files now loaded: 0)
System memory in use before: 89.0 MB.
System memory in use after: 89.1 MB.

Unloading 28 unused Assets to reduce memory usage. Loaded Objects now: 2080.
Total: 5.565600 ms (FindLiveObjects: 0.375500 ms CreateObjectMapping: 0.139800 ms MarkObjects: 4.852700 ms  DeleteObjects: 0.194900 ms)

========================================================================
Received Import Request.
  Time since last request: 833.485560 seconds.
  path: Assets/SCRIPTS/ON_TRIGGER_FALSE.cs
  artifactKey: Guid(dd71d27e489b63a40b7766633545a95d) Importer(815301076,1909f56bfc062723c751e8b465ee728b)
Start importing Assets/SCRIPTS/ON_TRIGGER_FALSE.cs using Guid(dd71d27e489b63a40b7766633545a95d) Importer(815301076,1909f56bfc062723c751e8b465ee728b)  -> (artifact id: 'e385e925821b123ab3ec47f3306121c0') in 0.029182 seconds
  Import took 0.038249 seconds .

========================================================================
Received Import Request.
  Time since last request: 0.003890 seconds.
  path: Assets/SCRIPTS/ON_TRIGGER_FALSE.cs
  artifactKey: Guid(dd71d27e489b63a40b7766633545a95d) Importer(815301076,1909f56bfc062723c751e8b465ee728b)
Start importing Assets/SCRIPTS/ON_TRIGGER_FALSE.cs using Guid(dd71d27e489b63a40b7766633545a95d) Importer(815301076,1909f56bfc062723c751e8b465ee728b)  -> (artifact id: 'e385e925821b123ab3ec47f3306121c0') in 0.003511 seconds
  Import took 0.006565 seconds .

========================================================================
Received Import Request.
  Time since last request: 24.623779 seconds.
  path: Assets/SCRIPTS/ObjectPool.cs
  artifactKey: Guid(e443d8830ab9b8d48b8770f2eabbc51a) Importer(815301076,1909f56bfc062723c751e8b465ee728b)
Start importing Assets/SCRIPTS/ObjectPool.cs using Guid(e443d8830ab9b8d48b8770f2eabbc51a) Importer(815301076,1909f56bfc062723c751e8b465ee728b)  -> (artifact id: '77c94112f908e6e886ff5fec0d18c1a7') in 0.022686 seconds
  Import took 0.027478 seconds .

========================================================================
Received Import Request.
  Time since last request: 1279.157760 seconds.
  path: Assets/SCRIPTS/MagnetPower.cs
  artifactKey: Guid(38d0603847018c941bb2a8a5b8a359c1) Importer(815301076,1909f56bfc062723c751e8b465ee728b)
Start importing Assets/SCRIPTS/MagnetPower.cs using Guid(38d0603847018c941bb2a8a5b8a359c1) Importer(815301076,1909f56bfc062723c751e8b465ee728b)  -> (artifact id: 'e2a034dba673f56bd487c8d042bcb5c9') in 0.026935 seconds
  Import took 0.033111 seconds .

========================================================================
Received Import Request.
  Time since last request: 0.042973 seconds.
  path: Assets/SCRIPTS/MagnetPower.cs
  artifactKey: Guid(38d0603847018c941bb2a8a5b8a359c1) Importer(815301076,1909f56bfc062723c751e8b465ee728b)
Start importing Assets/SCRIPTS/MagnetPower.cs using Guid(38d0603847018c941bb2a8a5b8a359c1) Importer(815301076,1909f56bfc062723c751e8b465ee728b)  -> (artifact id: 'e2a034dba673f56bd487c8d042bcb5c9') in 0.005612 seconds
  Import took 0.010219 seconds .

========================================================================
Received Import Request.
  Time since last request: 4277.924536 seconds.
  path: Assets/SCRIPTS/TrackManager.cs
  artifactKey: Guid(5bd7b0407b631e24386b2841e9d6f5e0) Importer(815301076,1909f56bfc062723c751e8b465ee728b)
Start importing Assets/SCRIPTS/TrackManager.cs using Guid(5bd7b0407b631e24386b2841e9d6f5e0) Importer(815301076,1909f56bfc062723c751e8b465ee728b)  -> (artifact id: '48822468128ad52954a32526d0e21a0e') in 0.048436 seconds
  Import took 0.059904 seconds .

========================================================================
Received Import Request.
  Time since last request: 957.954105 seconds.
  path: Assets/SCRIPTS/PlayerMovement.cs
  artifactKey: Guid(5b3917d4876e3db409a64feba23ff842) Importer(815301076,1909f56bfc062723c751e8b465ee728b)
Start importing Assets/SCRIPTS/PlayerMovement.cs using Guid(5b3917d4876e3db409a64feba23ff842) Importer(815301076,1909f56bfc062723c751e8b465ee728b)  -> (artifact id: '83a136447fc1ad05baafb3848fa9d858') in 0.021180 seconds
  Import took 0.030480 seconds .

========================================================================
Received Prepare
Registering precompiled user dll's ...
Registered in 0.010348 seconds.
Begin MonoManager ReloadAssembly
Native extension for WindowsStandalone target not found
Refreshing native plugins compatible for Editor in 1.46 ms, found 2 plugins.
Preloading 0 native plugins for Editor in 0.00 ms.
Mono: successfully reloaded assembly
- Completed reload, in  2.390 seconds
Platform modules already initialized, skipping
Refreshing native plugins compatible for Editor in 0.47 ms, found 2 plugins.
Preloading 0 native plugins for Editor in 0.00 ms.
Unloading 1553 Unused Serialized files (Serialized files now loaded: 0)
System memory in use before: 89.0 MB.
System memory in use after: 89.1 MB.

Unloading 28 unused Assets to reduce memory usage. Loaded Objects now: 2083.
Total: 4.283200 ms (FindLiveObjects: 0.351400 ms CreateObjectMapping: 0.137600 ms MarkObjects: 3.433900 ms  DeleteObjects: 0.357200 ms)

========================================================================
Received Prepare
Registering precompiled user dll's ...
Registered in 0.039695 seconds.
Begin MonoManager ReloadAssembly
Native extension for WindowsStandalone target not found
Refreshing native plugins compatible for Editor in 3.27 ms, found 2 plugins.
Preloading 0 native plugins for Editor in 0.00 ms.
Mono: successfully reloaded assembly
- Completed reload, in 20.605 seconds
Platform modules already initialized, skipping
Refreshing native plugins compatible for Editor in 1.98 ms, found 2 plugins.
Preloading 0 native plugins for Editor in 0.00 ms.
Unloading 1553 Unused Serialized files (Serialized files now loaded: 0)
System memory in use before: 89.0 MB.
System memory in use after: 89.1 MB.

Unloading 28 unused Assets to reduce memory usage. Loaded Objects now: 2086.
Total: 42.567500 ms (FindLiveObjects: 1.798000 ms CreateObjectMapping: 0.317200 ms MarkObjects: 39.932600 ms  DeleteObjects: 0.504300 ms)

========================================================================
Received Prepare
Registering precompiled user dll's ...
Registered in 0.011498 seconds.
Begin MonoManager ReloadAssembly
Native extension for WindowsStandalone target not found
Refreshing native plugins compatible for Editor in 0.86 ms, found 2 plugins.
Preloading 0 native plugins for Editor in 0.00 ms.
Mono: successfully reloaded assembly
- Completed reload, in  1.855 seconds
Platform modules already initialized, skipping
Refreshing native plugins compatible for Editor in 0.69 ms, found 2 plugins.
Preloading 0 native plugins for Editor in 0.00 ms.
Unloading 1553 Unused Serialized files (Serialized files now loaded: 0)
System memory in use before: 89.0 MB.
System memory in use after: 89.1 MB.

Unloading 28 unused Assets to reduce memory usage. Loaded Objects now: 2089.
Total: 2.191600 ms (FindLiveObjects: 0.205900 ms CreateObjectMapping: 0.068300 ms MarkObjects: 1.840000 ms  DeleteObjects: 0.075300 ms)

========================================================================
Received Prepare
Registering precompiled user dll's ...
Registered in 0.010083 seconds.
Begin MonoManager ReloadAssembly
Native extension for WindowsStandalone target not found
Refreshing native plugins compatible for Editor in 0.77 ms, found 2 plugins.
Preloading 0 native plugins for Editor in 0.00 ms.
Mono: successfully reloaded assembly
- Completed reload, in  1.977 seconds
Platform modules already initialized, skipping
Refreshing native plugins compatible for Editor in 0.61 ms, found 2 plugins.
Preloading 0 native plugins for Editor in 0.00 ms.
Unloading 1553 Unused Serialized files (Serialized files now loaded: 0)
System memory in use before: 89.0 MB.
System memory in use after: 89.1 MB.

Unloading 28 unused Assets to reduce memory usage. Loaded Objects now: 2092.
Total: 3.642100 ms (FindLiveObjects: 0.212400 ms CreateObjectMapping: 0.071200 ms MarkObjects: 3.219300 ms  DeleteObjects: 0.137100 ms)

========================================================================
Received Prepare
Registering precompiled user dll's ...
Registered in 0.015428 seconds.
Begin MonoManager ReloadAssembly
Native extension for WindowsStandalone target not found
Refreshing native plugins compatible for Editor in 0.51 ms, found 2 plugins.
Preloading 0 native plugins for Editor in 0.00 ms.
Mono: successfully reloaded assembly
- Completed reload, in  2.066 seconds
Platform modules already initialized, skipping
Refreshing native plugins compatible for Editor in 1.10 ms, found 2 plugins.
Preloading 0 native plugins for Editor in 0.00 ms.
Unloading 1553 Unused Serialized files (Serialized files now loaded: 0)
System memory in use before: 89.0 MB.
System memory in use after: 89.1 MB.

Unloading 28 unused Assets to reduce memory usage. Loaded Objects now: 2095.
Total: 2.702000 ms (FindLiveObjects: 0.174000 ms CreateObjectMapping: 0.083200 ms MarkObjects: 2.174900 ms  DeleteObjects: 0.268000 ms)

========================================================================
Received Import Request.
  Time since last request: 663.881182 seconds.
  path: Assets/SCRIPTS/ActivateMagnetPower.cs
  artifactKey: Guid(8b1a370c46d59344a8b07e6c30b36eef) Importer(815301076,1909f56bfc062723c751e8b465ee728b)
Start importing Assets/SCRIPTS/ActivateMagnetPower.cs using Guid(8b1a370c46d59344a8b07e6c30b36eef) Importer(815301076,1909f56bfc062723c751e8b465ee728b)  -> (artifact id: 'abc3e4f133c81776215d4232bdf76bd4') in 0.017722 seconds
  Import took 0.023169 seconds .

========================================================================
Received Prepare
Registering precompiled user dll's ...
Registered in 0.007933 seconds.
Begin MonoManager ReloadAssembly
Native extension for WindowsStandalone target not found
Refreshing native plugins compatible for Editor in 0.43 ms, found 2 plugins.
Preloading 0 native plugins for Editor in 0.00 ms.
Mono: successfully reloaded assembly
- Completed reload, in  1.859 seconds
Platform modules already initialized, skipping
Refreshing native plugins compatible for Editor in 1.39 ms, found 2 plugins.
Preloading 0 native plugins for Editor in 0.00 ms.
Unloading 1553 Unused Serialized files (Serialized files now loaded: 0)
System memory in use before: 89.0 MB.
System memory in use after: 89.1 MB.

Unloading 28 unused Assets to reduce memory usage. Loaded Objects now: 2098.
Total: 3.259600 ms (FindLiveObjects: 0.146800 ms CreateObjectMapping: 0.053700 ms MarkObjects: 2.947500 ms  DeleteObjects: 0.109900 ms)

========================================================================
Received Prepare
Registering precompiled user dll's ...
Registered in 0.007220 seconds.
Begin MonoManager ReloadAssembly
Native extension for WindowsStandalone target not found
Refreshing native plugins compatible for Editor in 0.53 ms, found 2 plugins.
Preloading 0 native plugins for Editor in 0.00 ms.
Mono: successfully reloaded assembly
- Completed reload, in  2.020 seconds
Platform modules already initialized, skipping
Refreshing native plugins compatible for Editor in 0.71 ms, found 2 plugins.
Preloading 0 native plugins for Editor in 0.00 ms.
Unloading 1553 Unused Serialized files (Serialized files now loaded: 0)
System memory in use before: 89.0 MB.
System memory in use after: 89.1 MB.

Unloading 28 unused Assets to reduce memory usage. Loaded Objects now: 2101.
Total: 6.369300 ms (FindLiveObjects: 0.418900 ms CreateObjectMapping: 0.186500 ms MarkObjects: 5.638700 ms  DeleteObjects: 0.121800 ms)

========================================================================
Received Prepare
Registering precompiled user dll's ...
Registered in 0.005681 seconds.
Begin MonoManager ReloadAssembly
Native extension for WindowsStandalone target not found
Refreshing native plugins compatible for Editor in 1.04 ms, found 2 plugins.
Preloading 0 native plugins for Editor in 0.00 ms.
Mono: successfully reloaded assembly
- Completed reload, in  2.231 seconds
Platform modules already initialized, skipping
Refreshing native plugins compatible for Editor in 0.97 ms, found 2 plugins.
Preloading 0 native plugins for Editor in 0.00 ms.
Unloading 1553 Unused Serialized files (Serialized files now loaded: 0)
System memory in use before: 89.0 MB.
System memory in use after: 89.1 MB.

Unloading 28 unused Assets to reduce memory usage. Loaded Objects now: 2104.
Total: 5.494100 ms (FindLiveObjects: 0.636700 ms CreateObjectMapping: 0.173600 ms MarkObjects: 4.532100 ms  DeleteObjects: 0.149500 ms)

========================================================================
Received Prepare
Registering precompiled user dll's ...
Registered in 0.013884 seconds.
Begin MonoManager ReloadAssembly
Native extension for WindowsStandalone target not found
Refreshing native plugins compatible for Editor in 1.16 ms, found 2 plugins.
Preloading 0 native plugins for Editor in 0.00 ms.
Mono: successfully reloaded assembly
- Completed reload, in  2.342 seconds
Platform modules already initialized, skipping
Refreshing native plugins compatible for Editor in 2.32 ms, found 2 plugins.
Preloading 0 native plugins for Editor in 0.00 ms.
Unloading 1553 Unused Serialized files (Serialized files now loaded: 0)
System memory in use before: 89.0 MB.
System memory in use after: 89.1 MB.

Unloading 28 unused Assets to reduce memory usage. Loaded Objects now: 2107.
Total: 4.416300 ms (FindLiveObjects: 0.233300 ms CreateObjectMapping: 0.065000 ms MarkObjects: 4.027700 ms  DeleteObjects: 0.087600 ms)

========================================================================
Received Prepare
Registering precompiled user dll's ...
Registered in 0.009124 seconds.
Begin MonoManager ReloadAssembly
Native extension for WindowsStandalone target not found
Refreshing native plugins compatible for Editor in 1.00 ms, found 2 plugins.
Preloading 0 native plugins for Editor in 0.00 ms.
Mono: successfully reloaded assembly
- Completed reload, in  1.945 seconds
Platform modules already initialized, skipping
Refreshing native plugins compatible for Editor in 0.89 ms, found 2 plugins.
Preloading 0 native plugins for Editor in 0.00 ms.
Unloading 1553 Unused Serialized files (Serialized files now loaded: 0)
System memory in use before: 89.0 MB.
System memory in use after: 89.1 MB.

Unloading 28 unused Assets to reduce memory usage. Loaded Objects now: 2110.
Total: 3.225300 ms (FindLiveObjects: 0.188900 ms CreateObjectMapping: 0.049500 ms MarkObjects: 2.849400 ms  DeleteObjects: 0.135200 ms)

========================================================================
Received Prepare
Registering precompiled user dll's ...
Registered in 0.009743 seconds.
Begin MonoManager ReloadAssembly
Native extension for WindowsStandalone target not found
Refreshing native plugins compatible for Editor in 1.06 ms, found 2 plugins.
Preloading 0 native plugins for Editor in 0.00 ms.
Mono: successfully reloaded assembly
- Completed reload, in  1.760 seconds
Platform modules already initialized, skipping
Refreshing native plugins compatible for Editor in 0.89 ms, found 2 plugins.
Preloading 0 native plugins for Editor in 0.00 ms.
Unloading 1553 Unused Serialized files (Serialized files now loaded: 0)
System memory in use before: 89.0 MB.
System memory in use after: 89.1 MB.

Unloading 28 unused Assets to reduce memory usage. Loaded Objects now: 2113.
Total: 2.711600 ms (FindLiveObjects: 0.248300 ms CreateObjectMapping: 0.109800 ms MarkObjects: 2.240800 ms  DeleteObjects: 0.110700 ms)

========================================================================
Received Prepare
Registering precompiled user dll's ...
Registered in 0.005620 seconds.
Begin MonoManager ReloadAssembly
Native extension for WindowsStandalone target not found
Refreshing native plugins compatible for Editor in 0.72 ms, found 2 plugins.
Preloading 0 native plugins for Editor in 0.00 ms.
Mono: successfully reloaded assembly
- Completed reload, in  1.628 seconds
Platform modules already initialized, skipping
Refreshing native plugins compatible for Editor in 0.56 ms, found 2 plugins.
Preloading 0 native plugins for Editor in 0.00 ms.
Unloading 1553 Unused Serialized files (Serialized files now loaded: 0)
System memory in use before: 89.1 MB.
System memory in use after: 89.1 MB.

Unloading 28 unused Assets to reduce memory usage. Loaded Objects now: 2116.
Total: 2.099900 ms (FindLiveObjects: 0.149800 ms CreateObjectMapping: 0.052700 ms MarkObjects: 1.824400 ms  DeleteObjects: 0.071600 ms)

========================================================================
Received Prepare
Registering precompiled user dll's ...
Registered in 0.012605 seconds.
Begin MonoManager ReloadAssembly
Native extension for WindowsStandalone target not found
Refreshing native plugins compatible for Editor in 0.46 ms, found 2 plugins.
Preloading 0 native plugins for Editor in 0.00 ms.
Mono: successfully reloaded assembly
- Completed reload, in  1.506 seconds
Platform modules already initialized, skipping
Refreshing native plugins compatible for Editor in 1.03 ms, found 2 plugins.
Preloading 0 native plugins for Editor in 0.00 ms.
Unloading 1553 Unused Serialized files (Serialized files now loaded: 0)
System memory in use before: 89.1 MB.
System memory in use after: 89.1 MB.

Unloading 28 unused Assets to reduce memory usage. Loaded Objects now: 2119.
Total: 3.163300 ms (FindLiveObjects: 0.119400 ms CreateObjectMapping: 0.039800 ms MarkObjects: 2.864400 ms  DeleteObjects: 0.138400 ms)

========================================================================
Received Prepare
Registering precompiled user dll's ...
Registered in 0.005658 seconds.
Begin MonoManager ReloadAssembly
Native extension for WindowsStandalone target not found
Refreshing native plugins compatible for Editor in 0.88 ms, found 2 plugins.
Preloading 0 native plugins for Editor in 0.00 ms.
Mono: successfully reloaded assembly
- Completed reload, in  1.885 seconds
Platform modules already initialized, skipping
Refreshing native plugins compatible for Editor in 1.03 ms, found 2 plugins.
Preloading 0 native plugins for Editor in 0.00 ms.
Unloading 1553 Unused Serialized files (Serialized files now loaded: 0)
System memory in use before: 89.1 MB.
System memory in use after: 89.1 MB.

Unloading 28 unused Assets to reduce memory usage. Loaded Objects now: 2122.
Total: 6.067900 ms (FindLiveObjects: 0.361400 ms CreateObjectMapping: 0.132400 ms MarkObjects: 5.384700 ms  DeleteObjects: 0.186600 ms)

========================================================================
Received Prepare
Registering precompiled user dll's ...
Registered in 0.007171 seconds.
Begin MonoManager ReloadAssembly
Native extension for WindowsStandalone target not found
Refreshing native plugins compatible for Editor in 0.76 ms, found 2 plugins.
Preloading 0 native plugins for Editor in 0.00 ms.
Mono: successfully reloaded assembly
- Completed reload, in  1.863 seconds
Platform modules already initialized, skipping
Refreshing native plugins compatible for Editor in 0.71 ms, found 2 plugins.
Preloading 0 native plugins for Editor in 0.00 ms.
Unloading 1553 Unused Serialized files (Serialized files now loaded: 0)
System memory in use before: 89.1 MB.
System memory in use after: 89.1 MB.

Unloading 28 unused Assets to reduce memory usage. Loaded Objects now: 2125.
Total: 4.718800 ms (FindLiveObjects: 0.387900 ms CreateObjectMapping: 0.140800 ms MarkObjects: 4.120400 ms  DeleteObjects: 0.067200 ms)

========================================================================
Received Prepare
Registering precompiled user dll's ...
Registered in 0.009601 seconds.
Begin MonoManager ReloadAssembly
Native extension for WindowsStandalone target not found
Refreshing native plugins compatible for Editor in 1.59 ms, found 2 plugins.
Preloading 0 native plugins for Editor in 0.00 ms.
Mono: successfully reloaded assembly
- Completed reload, in  1.801 seconds
Platform modules already initialized, skipping
Refreshing native plugins compatible for Editor in 1.28 ms, found 2 plugins.
Preloading 0 native plugins for Editor in 0.00 ms.
Unloading 1553 Unused Serialized files (Serialized files now loaded: 0)
System memory in use before: 89.1 MB.
System memory in use after: 89.2 MB.

Unloading 28 unused Assets to reduce memory usage. Loaded Objects now: 2128.
Total: 2.629700 ms (FindLiveObjects: 0.131500 ms CreateObjectMapping: 0.057100 ms MarkObjects: 2.347700 ms  DeleteObjects: 0.092300 ms)

========================================================================
Received Prepare
Registering precompiled user dll's ...
Registered in 0.003697 seconds.
Begin MonoManager ReloadAssembly
Native extension for WindowsStandalone target not found
Refreshing native plugins compatible for Editor in 0.80 ms, found 2 plugins.
Preloading 0 native plugins for Editor in 0.00 ms.
Mono: successfully reloaded assembly
- Completed reload, in  1.939 seconds
Platform modules already initialized, skipping
Refreshing native plugins compatible for Editor in 0.61 ms, found 2 plugins.
Preloading 0 native plugins for Editor in 0.00 ms.
Unloading 1553 Unused Serialized files (Serialized files now loaded: 0)
System memory in use before: 89.1 MB.
System memory in use after: 89.2 MB.

Unloading 28 unused Assets to reduce memory usage. Loaded Objects now: 2131.
Total: 2.653000 ms (FindLiveObjects: 0.154600 ms CreateObjectMapping: 0.050900 ms MarkObjects: 2.328800 ms  DeleteObjects: 0.116800 ms)

========================================================================
Received Prepare
Registering precompiled user dll's ...
Registered in 0.008148 seconds.
Begin MonoManager ReloadAssembly
Native extension for WindowsStandalone target not found
Refreshing native plugins compatible for Editor in 0.48 ms, found 2 plugins.
Preloading 0 native plugins for Editor in 0.00 ms.
Mono: successfully reloaded assembly
- Completed reload, in  1.634 seconds
Platform modules already initialized, skipping
Refreshing native plugins compatible for Editor in 0.67 ms, found 2 plugins.
Preloading 0 native plugins for Editor in 0.00 ms.
Unloading 1553 Unused Serialized files (Serialized files now loaded: 0)
System memory in use before: 89.1 MB.
System memory in use after: 89.2 MB.

Unloading 28 unused Assets to reduce memory usage. Loaded Objects now: 2134.
Total: 3.014900 ms (FindLiveObjects: 0.140300 ms CreateObjectMapping: 0.056900 ms MarkObjects: 2.706400 ms  DeleteObjects: 0.109600 ms)

========================================================================
Received Prepare
Registering precompiled user dll's ...
Registered in 0.004070 seconds.
Begin MonoManager ReloadAssembly
Native extension for WindowsStandalone target not found
Refreshing native plugins compatible for Editor in 0.82 ms, found 2 plugins.
Preloading 0 native plugins for Editor in 0.00 ms.
Mono: successfully reloaded assembly
- Completed reload, in  1.701 seconds
Platform modules already initialized, skipping
Refreshing native plugins compatible for Editor in 0.89 ms, found 2 plugins.
Preloading 0 native plugins for Editor in 0.00 ms.
Unloading 1553 Unused Serialized files (Serialized files now loaded: 0)
System memory in use before: 89.1 MB.
System memory in use after: 89.2 MB.

Unloading 28 unused Assets to reduce memory usage. Loaded Objects now: 2137.
Total: 5.646200 ms (FindLiveObjects: 0.152800 ms CreateObjectMapping: 0.048500 ms MarkObjects: 5.242800 ms  DeleteObjects: 0.199500 ms)

========================================================================
Received Prepare
Registering precompiled user dll's ...
Registered in 0.011543 seconds.
Begin MonoManager ReloadAssembly
Native extension for WindowsStandalone target not found
Refreshing native plugins compatible for Editor in 0.51 ms, found 2 plugins.
Preloading 0 native plugins for Editor in 0.00 ms.
Mono: successfully reloaded assembly
- Completed reload, in  1.781 seconds
Platform modules already initialized, skipping
Refreshing native plugins compatible for Editor in 0.88 ms, found 2 plugins.
Preloading 0 native plugins for Editor in 0.00 ms.
Unloading 1553 Unused Serialized files (Serialized files now loaded: 0)
System memory in use before: 89.1 MB.
System memory in use after: 89.2 MB.

Unloading 28 unused Assets to reduce memory usage. Loaded Objects now: 2140.
Total: 2.472300 ms (FindLiveObjects: 0.215300 ms CreateObjectMapping: 0.070300 ms MarkObjects: 2.080900 ms  DeleteObjects: 0.103700 ms)

========================================================================
Received Prepare
Registering precompiled user dll's ...
Registered in 0.011437 seconds.
Begin MonoManager ReloadAssembly
Native extension for WindowsStandalone target not found
Refreshing native plugins compatible for Editor in 0.79 ms, found 2 plugins.
Preloading 0 native plugins for Editor in 0.00 ms.
Mono: successfully reloaded assembly
- Completed reload, in  1.731 seconds
Platform modules already initialized, skipping
Refreshing native plugins compatible for Editor in 0.74 ms, found 2 plugins.
Preloading 0 native plugins for Editor in 0.00 ms.
Unloading 1553 Unused Serialized files (Serialized files now loaded: 0)
System memory in use before: 89.1 MB.
System memory in use after: 89.2 MB.

Unloading 28 unused Assets to reduce memory usage. Loaded Objects now: 2143.
Total: 2.990200 ms (FindLiveObjects: 0.255500 ms CreateObjectMapping: 0.074800 ms MarkObjects: 2.548600 ms  DeleteObjects: 0.109700 ms)

========================================================================
Received Prepare
Registering precompiled user dll's ...
Registered in 0.003778 seconds.
Begin MonoManager ReloadAssembly
Native extension for WindowsStandalone target not found
Refreshing native plugins compatible for Editor in 0.81 ms, found 2 plugins.
Preloading 0 native plugins for Editor in 0.00 ms.
Mono: successfully reloaded assembly
- Completed reload, in  1.617 seconds
Platform modules already initialized, skipping
Refreshing native plugins compatible for Editor in 0.61 ms, found 2 plugins.
Preloading 0 native plugins for Editor in 0.00 ms.
Unloading 1553 Unused Serialized files (Serialized files now loaded: 0)
System memory in use before: 89.1 MB.
System memory in use after: 89.2 MB.

Unloading 28 unused Assets to reduce memory usage. Loaded Objects now: 2146.
Total: 1.969100 ms (FindLiveObjects: 0.136800 ms CreateObjectMapping: 0.042200 ms MarkObjects: 1.635100 ms  DeleteObjects: 0.153300 ms)

========================================================================
Received Prepare
Registering precompiled user dll's ...
Registered in 0.006820 seconds.
Begin MonoManager ReloadAssembly
Native extension for WindowsStandalone target not found
Refreshing native plugins compatible for Editor in 0.86 ms, found 2 plugins.
Preloading 0 native plugins for Editor in 0.00 ms.
Mono: successfully reloaded assembly
- Completed reload, in  1.979 seconds
Platform modules already initialized, skipping
Refreshing native plugins compatible for Editor in 1.00 ms, found 2 plugins.
Preloading 0 native plugins for Editor in 0.00 ms.
Unloading 1553 Unused Serialized files (Serialized files now loaded: 0)
System memory in use before: 89.1 MB.
System memory in use after: 89.2 MB.

Unloading 28 unused Assets to reduce memory usage. Loaded Objects now: 2149.
Total: 51.124700 ms (FindLiveObjects: 0.155400 ms CreateObjectMapping: 0.047000 ms MarkObjects: 4.120100 ms  DeleteObjects: 46.799300 ms)

========================================================================
Received Import Request.
  Time since last request: 2923.956073 seconds.
  path: Assets/Scenes/Game.unity
  artifactKey: Guid(9fc0d4010bbf28b4594072e72b8655ab) Importer(815301076,1909f56bfc062723c751e8b465ee728b)
Start importing Assets/Scenes/Game.unity using Guid(9fc0d4010bbf28b4594072e72b8655ab) Importer(815301076,1909f56bfc062723c751e8b465ee728b)  -> (artifact id: 'c86a782ef19e58e26cb5c109800d1ec1') in 1.112478 seconds
  Import took 1.123477 seconds .

========================================================================
Received Prepare
Registering precompiled user dll's ...
Registered in 0.009170 seconds.
Begin MonoManager ReloadAssembly
Native extension for WindowsStandalone target not found
Refreshing native plugins compatible for Editor in 0.47 ms, found 2 plugins.
Preloading 0 native plugins for Editor in 0.00 ms.
Mono: successfully reloaded assembly
- Completed reload, in  1.593 seconds
Platform modules already initialized, skipping
Refreshing native plugins compatible for Editor in 1.49 ms, found 2 plugins.
Preloading 0 native plugins for Editor in 0.00 ms.
Unloading 1553 Unused Serialized files (Serialized files now loaded: 0)
System memory in use before: 89.1 MB.
System memory in use after: 89.2 MB.

Unloading 28 unused Assets to reduce memory usage. Loaded Objects now: 2152.
Total: 3.044700 ms (FindLiveObjects: 0.167400 ms CreateObjectMapping: 0.046300 ms MarkObjects: 2.712700 ms  DeleteObjects: 0.116900 ms)

========================================================================
Received Prepare
Registering precompiled user dll's ...
Registered in 0.009123 seconds.
Begin MonoManager ReloadAssembly
Native extension for WindowsStandalone target not found
Refreshing native plugins compatible for Editor in 0.65 ms, found 2 plugins.
Preloading 0 native plugins for Editor in 0.00 ms.
Mono: successfully reloaded assembly
- Completed reload, in  1.601 seconds
Platform modules already initialized, skipping
Refreshing native plugins compatible for Editor in 0.90 ms, found 2 plugins.
Preloading 0 native plugins for Editor in 0.00 ms.
Unloading 1553 Unused Serialized files (Serialized files now loaded: 0)
System memory in use before: 89.1 MB.
System memory in use after: 89.2 MB.

Unloading 28 unused Assets to reduce memory usage. Loaded Objects now: 2155.
Total: 3.275000 ms (FindLiveObjects: 0.244600 ms CreateObjectMapping: 0.218500 ms MarkObjects: 2.647700 ms  DeleteObjects: 0.161300 ms)

========================================================================
Received Prepare
Registering precompiled user dll's ...
Registered in 0.023052 seconds.
Begin MonoManager ReloadAssembly
Native extension for WindowsStandalone target not found
Refreshing native plugins compatible for Editor in 0.55 ms, found 2 plugins.
Preloading 0 native plugins for Editor in 0.00 ms.
Mono: successfully reloaded assembly
- Completed reload, in  1.653 seconds
Platform modules already initialized, skipping
Refreshing native plugins compatible for Editor in 0.61 ms, found 2 plugins.
Preloading 0 native plugins for Editor in 0.00 ms.
Unloading 1553 Unused Serialized files (Serialized files now loaded: 0)
System memory in use before: 89.1 MB.
System memory in use after: 89.2 MB.

Unloading 28 unused Assets to reduce memory usage. Loaded Objects now: 2158.
Total: 2.776600 ms (FindLiveObjects: 0.128700 ms CreateObjectMapping: 0.040900 ms MarkObjects: 2.528000 ms  DeleteObjects: 0.077500 ms)

AssetImportWorkerClient::OnTransportError - code=2 error=End of file
