Using pre-set license
Built from '2020.3/staging' branch; Version is '2020.3.11f1 (99c7afb366b3) revision 10078127'; Using compiler version '192528614'; Build Type 'Release'
OS: 'Windows 10 Pro; OS build 19045.3803; Version 2009; 64bit' Language: 'en' Physical Memory: 8097 MB
BatchMode: 1, IsHumanControllingUs: 0, StartBugReporterOnCrash: 0, Is64bit: 1, IsPro: 0

 COMMAND LINE ARGUMENTS:
C:\Program Files\Unity\Hub\Editor\2020.3.11f1\Editor\Unity.exe
-adb2
-batchMode
-noUpm
-name
AssetImportWorker0
-projectPath
F:/Unity Test/Animation Project/Endless-Runner-Game
-logFile
Logs/AssetImportWorker0.log
-srvPort
56297
Successfully changed project path to: F:/Unity Test/Animation Project/Endless-Runner-Game
F:/Unity Test/Animation Project/Endless-Runner-Game
Using Asset Import Pipeline V2.
Refreshing native plugins compatible for Editor in 49.67 ms, found 2 plugins.
Preloading 0 native plugins for Editor in 0.00 ms.
Initialize engine version: 2020.3.11f1 (99c7afb366b3)
[Subsystems] Discovering subsystems at path C:/Program Files/Unity/Hub/Editor/2020.3.11f1/Editor/Data/Resources/UnitySubsystems
[Subsystems] Discovering subsystems at path F:/Unity Test/Animation Project/Endless-Runner-Game/Assets
GfxDevice: creating device client; threaded=0
Direct3D:
    Version:  Direct3D 11.0 [level 11.1]
    Renderer: AMD Radeon HD 8790M (ID=0x6606)
    Vendor:   
    VRAM:     2027 MB
    Driver:   15.201.1101.0
Initialize mono
Mono path[0] = 'C:/Program Files/Unity/Hub/Editor/2020.3.11f1/Editor/Data/Managed'
Mono path[1] = 'C:/Program Files/Unity/Hub/Editor/2020.3.11f1/Editor/Data/MonoBleedingEdge/lib/mono/unityjit'
Mono config path = 'C:/Program Files/Unity/Hub/Editor/2020.3.11f1/Editor/Data/MonoBleedingEdge/etc'
Using monoOptions --debugger-agent=transport=dt_socket,embedding=1,server=y,suspend=n,address=127.0.0.1:56812
Begin MonoManager ReloadAssembly
Registering precompiled unity dll's ...
Register platform support module: C:/Program Files/Unity/Hub/Editor/2020.3.11f1/Editor/Data/PlaybackEngines/WindowsStandaloneSupport/UnityEditor.WindowsStandalone.Extensions.dll
Registered in 0.012373 seconds.
Native extension for WindowsStandalone target not found
Refreshing native plugins compatible for Editor in 40.40 ms, found 2 plugins.
Preloading 0 native plugins for Editor in 0.00 ms.
Mono: successfully reloaded assembly
- Completed reload, in  2.779 seconds
Platform modules already initialized, skipping
Registering precompiled user dll's ...
Registered in 0.006989 seconds.
Begin MonoManager ReloadAssembly
Native extension for WindowsStandalone target not found
Refreshing native plugins compatible for Editor in 0.51 ms, found 2 plugins.
Preloading 0 native plugins for Editor in 0.00 ms.
Mono: successfully reloaded assembly
- Completed reload, in  1.900 seconds
Platform modules already initialized, skipping
========================================================================
Worker process is ready to serve import requests
Launched and connected shader compiler UnityShaderCompiler.exe after 0.08 seconds
Refreshing native plugins compatible for Editor in 0.49 ms, found 2 plugins.
Preloading 0 native plugins for Editor in 0.00 ms.
Unloading 1569 Unused Serialized files (Serialized files now loaded: 0)
System memory in use before: 73.2 MB.
System memory in use after: 73.3 MB.

Unloading 33 unused Assets to reduce memory usage. Loaded Objects now: 1989.
Total: 2.479800 ms (FindLiveObjects: 0.270000 ms CreateObjectMapping: 0.142200 ms MarkObjects: 1.968300 ms  DeleteObjects: 0.097600 ms)

========================================================================
Received Import Request.
  path: Assets/MAT/Ground 1.mat
  artifactKey: Guid(00bad02f071ae5140a9e94437a7a0592) Importer(815301076,1909f56bfc062723c751e8b465ee728b)
Start importing Assets/MAT/Ground 1.mat using Guid(00bad02f071ae5140a9e94437a7a0592) Importer(815301076,1909f56bfc062723c751e8b465ee728b)  -> (artifact id: 'a19004d5e0251ca9f9cea12bc02cba21') in 0.237959 seconds
  Import took 0.258088 seconds .

========================================================================
Received Import Request.
  Time since last request: 3.655409 seconds.
  path: Assets/Scenes/Game.unity
  artifactKey: Guid(9fc0d4010bbf28b4594072e72b8655ab) Importer(815301076,1909f56bfc062723c751e8b465ee728b)
Start importing Assets/Scenes/Game.unity using Guid(9fc0d4010bbf28b4594072e72b8655ab) Importer(815301076,1909f56bfc062723c751e8b465ee728b)  -> (artifact id: '3b4a6334557048b631fd5a836bee7eb9') in 0.008397 seconds
  Import took 0.013911 seconds .

========================================================================
Received Import Request.
  Time since last request: 65.829261 seconds.
  path: Assets/TextMesh Pro/Examples _ Extras/Resources/Fonts _ Materials/Oswald Bold SDF.asset
  artifactKey: Guid(0161d805a3764c089bef00bfe00793f5) Importer(815301076,1909f56bfc062723c751e8b465ee728b)
Start importing Assets/TextMesh Pro/Examples _ Extras/Resources/Fonts _ Materials/Oswald Bold SDF.asset using Guid(0161d805a3764c089bef00bfe00793f5) Importer(815301076,1909f56bfc062723c751e8b465ee728b)  -> (artifact id: '21c8220797489e345428130afb23452a') in 0.131287 seconds
  Import took 0.143154 seconds .

========================================================================
Received Import Request.
  Time since last request: 0.000627 seconds.
  path: Assets/TextMesh Pro/Examples _ Extras/Resources/Fonts _ Materials/Roboto-Bold SDF - Drop Shadow.mat
  artifactKey: Guid(b246c4190f4e46ec9352fe15a7b09ce0) Importer(815301076,1909f56bfc062723c751e8b465ee728b)
Start importing Assets/TextMesh Pro/Examples _ Extras/Resources/Fonts _ Materials/Roboto-Bold SDF - Drop Shadow.mat using Guid(b246c4190f4e46ec9352fe15a7b09ce0) Importer(815301076,1909f56bfc062723c751e8b465ee728b)  -> (artifact id: 'f1a84fd95370bcaaf27155830a746827') in 0.154024 seconds
  Import took 0.158298 seconds .

========================================================================
Received Import Request.
  Time since last request: 0.000335 seconds.
  path: Assets/Resources/Player.mat
  artifactKey: Guid(b36a7491868a3a1488d8cd895ff2e792) Importer(815301076,1909f56bfc062723c751e8b465ee728b)
Start importing Assets/Resources/Player.mat using Guid(b36a7491868a3a1488d8cd895ff2e792) Importer(815301076,1909f56bfc062723c751e8b465ee728b)  -> (artifact id: '6e09e7afa02a8b2e18e66e3aa61eb0de') in 0.041802 seconds
  Import took 0.046040 seconds .

========================================================================
Received Import Request.
  Time since last request: 0.000174 seconds.
  path: Assets/TextMesh Pro/Examples _ Extras/Resources/Fonts _ Materials/Roboto-Bold SDF.asset
  artifactKey: Guid(5302535af1044152a457ed104f1f4b91) Importer(815301076,1909f56bfc062723c751e8b465ee728b)
Start importing Assets/TextMesh Pro/Examples _ Extras/Resources/Fonts _ Materials/Roboto-Bold SDF.asset using Guid(5302535af1044152a457ed104f1f4b91) Importer(815301076,1909f56bfc062723c751e8b465ee728b)  -> (artifact id: 'ad19fc90ad3488fd6d096398309cc57d') in 0.093533 seconds
  Import took 0.097474 seconds .

========================================================================
Received Import Request.
  Time since last request: 0.000454 seconds.
  path: Assets/TextMesh Pro/Examples _ Extras/Resources/Fonts _ Materials/Oswald Bold SDF.asset
  artifactKey: Guid(0161d805a3764c089bef00bfe00793f5) Importer(815301076,1909f56bfc062723c751e8b465ee728b)
Start importing Assets/TextMesh Pro/Examples _ Extras/Resources/Fonts _ Materials/Oswald Bold SDF.asset using Guid(0161d805a3764c089bef00bfe00793f5) Importer(815301076,1909f56bfc062723c751e8b465ee728b)  -> (artifact id: '21c8220797489e345428130afb23452a') in 0.016066 seconds
  Import took 0.020799 seconds .

========================================================================
Received Import Request.
  Time since last request: 0.000495 seconds.
  path: Assets/TextMesh Pro/Examples _ Extras/Resources/Fonts _ Materials/Roboto-Bold SDF - Surface.mat
  artifactKey: Guid(e6b276ec991f467aa14ef1f3cc665993) Importer(815301076,1909f56bfc062723c751e8b465ee728b)
Start importing Assets/TextMesh Pro/Examples _ Extras/Resources/Fonts _ Materials/Roboto-Bold SDF - Surface.mat using Guid(e6b276ec991f467aa14ef1f3cc665993) Importer(815301076,1909f56bfc062723c751e8b465ee728b)  -> (artifact id: 'aa2dd7a81fa5d549fd9ca0d8ded55479') in 0.192378 seconds
  Import took 0.197173 seconds .

========================================================================
Received Import Request.
  Time since last request: 0.000343 seconds.
  path: Assets/TextMesh Pro/Examples _ Extras/Materials/Small Crate_diffuse.mat
  artifactKey: Guid(22262639920f43d6be32430e4e58350d) Importer(815301076,1909f56bfc062723c751e8b465ee728b)
Start importing Assets/TextMesh Pro/Examples _ Extras/Materials/Small Crate_diffuse.mat using Guid(22262639920f43d6be32430e4e58350d) Importer(815301076,1909f56bfc062723c751e8b465ee728b)  -> (artifact id: '6b9bb148a05aac4793d9e8f3dca43d18') in 0.354326 seconds
  Import took 0.357547 seconds .

========================================================================
Received Import Request.
  Time since last request: 1.502081 seconds.
  path: Assets/TextMesh Pro/Resources/Fonts _ Materials/LiberationSans SDF.asset
  artifactKey: Guid(8f586378b4e144a9851e7b34d9b748ee) Importer(815301076,1909f56bfc062723c751e8b465ee728b)
Start importing Assets/TextMesh Pro/Resources/Fonts _ Materials/LiberationSans SDF.asset using Guid(8f586378b4e144a9851e7b34d9b748ee) Importer(815301076,1909f56bfc062723c751e8b465ee728b)  -> (artifact id: '744da191214e027537e9e22d2960c2f9') in 0.056551 seconds
  Import took 0.061725 seconds .

========================================================================
Received Import Request.
  Time since last request: 0.000327 seconds.
  path: Assets/TextMesh Pro/Resources/Fonts _ Materials/LiberationSans SDF - Outline.mat
  artifactKey: Guid(79459efec17a4d00a321bdcc27bbc385) Importer(815301076,1909f56bfc062723c751e8b465ee728b)
Start importing Assets/TextMesh Pro/Resources/Fonts _ Materials/LiberationSans SDF - Outline.mat using Guid(79459efec17a4d00a321bdcc27bbc385) Importer(815301076,1909f56bfc062723c751e8b465ee728b)  -> (artifact id: '73bfc51c5222557aa47c55c3d1b82acd') in 0.138604 seconds
  Import took 0.143584 seconds .

========================================================================
Received Import Request.
  Time since last request: 0.000415 seconds.
  path: Assets/TextMesh Pro/Examples _ Extras/Resources/Fonts _ Materials/Electronic Highway Sign SDF.asset
  artifactKey: Guid(dc36b3fdc14f47ebb36fd484a67e268a) Importer(815301076,1909f56bfc062723c751e8b465ee728b)
Start importing Assets/TextMesh Pro/Examples _ Extras/Resources/Fonts _ Materials/Electronic Highway Sign SDF.asset using Guid(dc36b3fdc14f47ebb36fd484a67e268a) Importer(815301076,1909f56bfc062723c751e8b465ee728b)  -> (artifact id: '429a83a5b0dab493fd2413297b30fdf1') in 0.022128 seconds
  Import took 0.026614 seconds .

========================================================================
Received Import Request.
  Time since last request: 0.000406 seconds.
  path: Assets/TextMesh Pro/Examples _ Extras/Resources/Fonts _ Materials/LiberationSans SDF - Overlay.mat
  artifactKey: Guid(9ad269c99dcf42b7aedefd83dd5a7b9d) Importer(815301076,1909f56bfc062723c751e8b465ee728b)
Start importing Assets/TextMesh Pro/Examples _ Extras/Resources/Fonts _ Materials/LiberationSans SDF - Overlay.mat using Guid(9ad269c99dcf42b7aedefd83dd5a7b9d) Importer(815301076,1909f56bfc062723c751e8b465ee728b)  -> (artifact id: '46b0995944d6e35a2b79adb0431dfe8b') in 0.065427 seconds
  Import took 0.071424 seconds .

========================================================================
Received Import Request.
  Time since last request: 0.000372 seconds.
  path: Assets/animations/xbot@Jump (1).fbx
  artifactKey: Guid(d64a1f7badd4026469bac829ac51f247) Importer(815301076,1909f56bfc062723c751e8b465ee728b)
Start importing Assets/animations/xbot@Jump (1).fbx using Guid(d64a1f7badd4026469bac829ac51f247) Importer(815301076,1909f56bfc062723c751e8b465ee728b)  -> (artifact id: '87826ee47699cde8e22429e754658c81') in 0.277970 seconds
  Import took 0.285501 seconds .

========================================================================
Received Import Request.
  Time since last request: 0.000596 seconds.
  path: Assets/TextMesh Pro/Examples _ Extras/Resources/Fonts _ Materials/Anton SDF.asset
  artifactKey: Guid(8a89fa14b10d46a99122fd4f73fca9a2) Importer(815301076,1909f56bfc062723c751e8b465ee728b)
Start importing Assets/TextMesh Pro/Examples _ Extras/Resources/Fonts _ Materials/Anton SDF.asset using Guid(8a89fa14b10d46a99122fd4f73fca9a2) Importer(815301076,1909f56bfc062723c751e8b465ee728b)  -> (artifact id: 'fac3e7cef201680e86c018bd8ffe5bb0') in 0.064037 seconds
  Import took 0.067632 seconds .

========================================================================
Received Import Request.
  Time since last request: 0.000372 seconds.
  path: Assets/TextMesh Pro/Examples _ Extras/Resources/Fonts _ Materials/Anton SDF - Drop Shadow.mat
  artifactKey: Guid(749b9069dc4742c5bfa5c74644049926) Importer(815301076,1909f56bfc062723c751e8b465ee728b)
Start importing Assets/TextMesh Pro/Examples _ Extras/Resources/Fonts _ Materials/Anton SDF - Drop Shadow.mat using Guid(749b9069dc4742c5bfa5c74644049926) Importer(815301076,1909f56bfc062723c751e8b465ee728b)  -> (artifact id: '2f5f62985db23ee76a099c5662db1705') in 0.046572 seconds
  Import took 0.050993 seconds .

========================================================================
Received Import Request.
  Time since last request: 0.000423 seconds.
  path: Assets/TextMesh Pro/Examples _ Extras/Fonts/Oswald-Bold.ttf
  artifactKey: Guid(c9f6d0e7bc8541498c9a4799ba184ede) Importer(815301076,1909f56bfc062723c751e8b465ee728b)
Start importing Assets/TextMesh Pro/Examples _ Extras/Fonts/Oswald-Bold.ttf using Guid(c9f6d0e7bc8541498c9a4799ba184ede) Importer(815301076,1909f56bfc062723c751e8b465ee728b)  -> (artifact id: '740de3a55449ae29278bc26320479fcc') in 0.035627 seconds
  Import took 0.042988 seconds .

========================================================================
Received Import Request.
  Time since last request: 0.000415 seconds.
  path: Assets/animations/xbot@Standing Run Right (1).fbx
  artifactKey: Guid(847671078d9c39c47a81491d8d198d9e) Importer(815301076,1909f56bfc062723c751e8b465ee728b)
Start importing Assets/animations/xbot@Standing Run Right (1).fbx using Guid(847671078d9c39c47a81491d8d198d9e) Importer(815301076,1909f56bfc062723c751e8b465ee728b)  -> (artifact id: '16fc71cde87bca250679340abed350ad') in 0.189869 seconds
  Import took 0.195514 seconds .

========================================================================
Received Import Request.
  Time since last request: 0.000339 seconds.
  path: Assets/TextMesh Pro/Examples _ Extras/Fonts/Roboto-Bold.ttf
  artifactKey: Guid(4beb055f07aaff244873dec698d0363e) Importer(815301076,1909f56bfc062723c751e8b465ee728b)
Start importing Assets/TextMesh Pro/Examples _ Extras/Fonts/Roboto-Bold.ttf using Guid(4beb055f07aaff244873dec698d0363e) Importer(815301076,1909f56bfc062723c751e8b465ee728b)  -> (artifact id: 'f5eb62bdb1f6678920370052afa06ba7') in 0.016593 seconds
  Import took 0.022445 seconds .

========================================================================
Received Import Request.
  Time since last request: 0.000728 seconds.
  path: Assets/animations/xbot@Idle.fbx
  artifactKey: Guid(dbc680f447e633c48bedd241c310114c) Importer(815301076,1909f56bfc062723c751e8b465ee728b)
Start importing Assets/animations/xbot@Idle.fbx using Guid(dbc680f447e633c48bedd241c310114c) Importer(815301076,1909f56bfc062723c751e8b465ee728b)  -> (artifact id: '9f9feaa0df43d2f7ac3566cd09ee889e') in 0.180310 seconds
  Import took 0.185583 seconds .

========================================================================
Received Import Request.
  Time since last request: 0.000365 seconds.
  path: Assets/TextMesh Pro/Examples _ Extras/Resources/Fonts _ Materials/Bangers SDF - Outline.mat
  artifactKey: Guid(f629c6e43dba4bf38cb74d8860150664) Importer(815301076,1909f56bfc062723c751e8b465ee728b)
Start importing Assets/TextMesh Pro/Examples _ Extras/Resources/Fonts _ Materials/Bangers SDF - Outline.mat using Guid(f629c6e43dba4bf38cb74d8860150664) Importer(815301076,1909f56bfc062723c751e8b465ee728b)  -> (artifact id: '4679cfa943babcf2e899339bf37be547') in 0.038100 seconds
  Import took 0.041914 seconds .

========================================================================
Received Import Request.
  Time since last request: 0.000363 seconds.
  path: Assets/Resources/CLOTH_2.mat
  artifactKey: Guid(d31b6ee45e5ba6b43a97b0a691ebf131) Importer(815301076,1909f56bfc062723c751e8b465ee728b)
Start importing Assets/Resources/CLOTH_2.mat using Guid(d31b6ee45e5ba6b43a97b0a691ebf131) Importer(815301076,1909f56bfc062723c751e8b465ee728b)  -> (artifact id: '7fcb7486f8254d5f9edeb14ef59aafe0') in 0.147711 seconds
  Import took 0.151473 seconds .

========================================================================
Received Import Request.
  Time since last request: 0.000534 seconds.
  path: Assets/TextMesh Pro/Examples _ Extras/Resources/Fonts _ Materials/Anton SDF - Sunny Days.mat
  artifactKey: Guid(6522f30e342599e4e9dd4cc2cc03c830) Importer(815301076,1909f56bfc062723c751e8b465ee728b)
Start importing Assets/TextMesh Pro/Examples _ Extras/Resources/Fonts _ Materials/Anton SDF - Sunny Days.mat using Guid(6522f30e342599e4e9dd4cc2cc03c830) Importer(815301076,1909f56bfc062723c751e8b465ee728b)  -> (artifact id: '2b4b3bb17d81f844cc1bc83169a9697a') in 0.159764 seconds
  Import took 0.189061 seconds .

========================================================================
Received Import Request.
  Time since last request: 0.000556 seconds.
  path: Assets/TextMesh Pro/Examples _ Extras/Resources/Fonts _ Materials/Bangers SDF.asset
  artifactKey: Guid(125cb55b44b24c4393181402bc6200e6) Importer(815301076,1909f56bfc062723c751e8b465ee728b)
Start importing Assets/TextMesh Pro/Examples _ Extras/Resources/Fonts _ Materials/Bangers SDF.asset using Guid(125cb55b44b24c4393181402bc6200e6) Importer(815301076,1909f56bfc062723c751e8b465ee728b)  -> (artifact id: 'ef29c4ca34d686f87dc8e17cf43b25fd') in 0.024191 seconds
  Import took 0.028611 seconds .

========================================================================
Received Import Request.
  Time since last request: 0.001223 seconds.
  path: Assets/TextMesh Pro/Resources/Fonts _ Materials/LiberationSans SDF - Fallback.asset
  artifactKey: Guid(2e498d1c8094910479dc3e1b768306a4) Importer(815301076,1909f56bfc062723c751e8b465ee728b)
Start importing Assets/TextMesh Pro/Resources/Fonts _ Materials/LiberationSans SDF - Fallback.asset using Guid(2e498d1c8094910479dc3e1b768306a4) Importer(815301076,1909f56bfc062723c751e8b465ee728b)  -> (artifact id: '73c4f4f2da4d2ab57d901e0f40ae3f2f') in 0.026948 seconds
  Import took 0.032583 seconds .

========================================================================
Received Import Request.
  Time since last request: 0.000338 seconds.
  path: Assets/TextMesh Pro/Examples _ Extras/Materials/Crate - Surface Shader Scene.mat
  artifactKey: Guid(e6b9b44320f4448d9d5e0ee634259966) Importer(815301076,1909f56bfc062723c751e8b465ee728b)
Start importing Assets/TextMesh Pro/Examples _ Extras/Materials/Crate - Surface Shader Scene.mat using Guid(e6b9b44320f4448d9d5e0ee634259966) Importer(815301076,1909f56bfc062723c751e8b465ee728b)  -> (artifact id: 'b6ea1a296fa07a410ca57e3ba7a08788') in 0.271909 seconds
  Import took 0.275889 seconds .

========================================================================
Received Import Request.
  Time since last request: 0.000380 seconds.
  path: Assets/TextMesh Pro/Examples _ Extras/Resources/Fonts _ Materials/Bangers SDF - Drop Shadow.mat
  artifactKey: Guid(f2dcf029949142e28b974630369c8b4e) Importer(815301076,1909f56bfc062723c751e8b465ee728b)
Start importing Assets/TextMesh Pro/Examples _ Extras/Resources/Fonts _ Materials/Bangers SDF - Drop Shadow.mat using Guid(f2dcf029949142e28b974630369c8b4e) Importer(815301076,1909f56bfc062723c751e8b465ee728b)  -> (artifact id: '09d429fa8d069536d0fe27da71296c94') in 0.016838 seconds
  Import took 0.031043 seconds .

========================================================================
Received Import Request.
  Time since last request: 0.000406 seconds.
  path: Assets/TextMesh Pro/Examples _ Extras/Fonts/Electronic Highway Sign.TTF
  artifactKey: Guid(8a2b9e2a607dd2143b58c44bc32410b4) Importer(815301076,1909f56bfc062723c751e8b465ee728b)
Start importing Assets/TextMesh Pro/Examples _ Extras/Fonts/Electronic Highway Sign.TTF using Guid(8a2b9e2a607dd2143b58c44bc32410b4) Importer(815301076,1909f56bfc062723c751e8b465ee728b)  -> (artifact id: 'c8b1f05ff8f6fbfc3beeb8a5094ddca3') in 0.023187 seconds
  Import took 0.028529 seconds .

========================================================================
Received Import Request.
  Time since last request: 0.000463 seconds.
  path: Assets/TextMesh Pro/Fonts/LiberationSans.ttf
  artifactKey: Guid(e3265ab4bf004d28a9537516768c1c75) Importer(815301076,1909f56bfc062723c751e8b465ee728b)
Start importing Assets/TextMesh Pro/Fonts/LiberationSans.ttf using Guid(e3265ab4bf004d28a9537516768c1c75) Importer(815301076,1909f56bfc062723c751e8b465ee728b)  -> (artifact id: 'cec1587b7129bde4b287cc77833a66ca') in 0.019589 seconds
  Import took 0.025715 seconds .

========================================================================
Received Import Request.
  Time since last request: 0.000518 seconds.
  path: Assets/TextMesh Pro/Resources/Fonts _ Materials/LiberationSans SDF - Drop Shadow.mat
  artifactKey: Guid(e73a58f6e2794ae7b1b7e50b7fb811b0) Importer(815301076,1909f56bfc062723c751e8b465ee728b)
Start importing Assets/TextMesh Pro/Resources/Fonts _ Materials/LiberationSans SDF - Drop Shadow.mat using Guid(e73a58f6e2794ae7b1b7e50b7fb811b0) Importer(815301076,1909f56bfc062723c751e8b465ee728b)  -> (artifact id: '482a362b8fe5ce36b302051eaf90a735') in 0.056297 seconds
  Import took 0.060720 seconds .

========================================================================
Received Import Request.
  Time since last request: 0.000337 seconds.
  path: Assets/TextMesh Pro/Examples _ Extras/Resources/Fonts _ Materials/Bangers SDF Glow.mat
  artifactKey: Guid(d75b8f41e959450c84ac6e967084d3e1) Importer(815301076,1909f56bfc062723c751e8b465ee728b)
Start importing Assets/TextMesh Pro/Examples _ Extras/Resources/Fonts _ Materials/Bangers SDF Glow.mat using Guid(d75b8f41e959450c84ac6e967084d3e1) Importer(815301076,1909f56bfc062723c751e8b465ee728b)  -> (artifact id: '67ace0c32981ae21571482f215c7ae7f') in 0.167748 seconds
  Import took 0.171578 seconds .

========================================================================
Received Import Request.
  Time since last request: 0.000298 seconds.
  path: Assets/TextMesh Pro/Examples _ Extras/Materials/Ground - Surface Shader Scene.mat
  artifactKey: Guid(aadd5a709a48466c887296bb5b1b8110) Importer(815301076,1909f56bfc062723c751e8b465ee728b)
Start importing Assets/TextMesh Pro/Examples _ Extras/Materials/Ground - Surface Shader Scene.mat using Guid(aadd5a709a48466c887296bb5b1b8110) Importer(815301076,1909f56bfc062723c751e8b465ee728b)  -> (artifact id: '9ead4290a230d9bc5f63a38dadaf2f44') in 0.181389 seconds
  Import took 0.184421 seconds .

========================================================================
Received Import Request.
  Time since last request: 0.000328 seconds.
  path: Assets/TextMesh Pro/Examples _ Extras/Resources/Fonts _ Materials/Anton SDF - Outline.mat
  artifactKey: Guid(a00013af81304728b2be1f4309ee2433) Importer(815301076,1909f56bfc062723c751e8b465ee728b)
Start importing Assets/TextMesh Pro/Examples _ Extras/Resources/Fonts _ Materials/Anton SDF - Outline.mat using Guid(a00013af81304728b2be1f4309ee2433) Importer(815301076,1909f56bfc062723c751e8b465ee728b)  -> (artifact id: 'cd6646960631d1b73778b1bf160bab52') in 0.042503 seconds
  Import took 0.046208 seconds .

========================================================================
Received Import Request.
  Time since last request: 0.000344 seconds.
  path: Assets/TextMesh Pro/Examples _ Extras/Fonts/Bangers.ttf
  artifactKey: Guid(5dd49b3eacc540408c98eee0de38e0f1) Importer(815301076,1909f56bfc062723c751e8b465ee728b)
Start importing Assets/TextMesh Pro/Examples _ Extras/Fonts/Bangers.ttf using Guid(5dd49b3eacc540408c98eee0de38e0f1) Importer(815301076,1909f56bfc062723c751e8b465ee728b)  -> (artifact id: '287978acc725e2e6afb4e562d33d9065') in 0.018676 seconds
  Import took 0.023130 seconds .

========================================================================
Received Import Request.
  Time since last request: 0.001414 seconds.
  path: Assets/TextMesh Pro/Examples _ Extras/Resources/Fonts _ Materials/Bangers SDF Logo.mat
  artifactKey: Guid(f4e195ac1e204eff960149d1cb34e18c) Importer(815301076,1909f56bfc062723c751e8b465ee728b)
Start importing Assets/TextMesh Pro/Examples _ Extras/Resources/Fonts _ Materials/Bangers SDF Logo.mat using Guid(f4e195ac1e204eff960149d1cb34e18c) Importer(815301076,1909f56bfc062723c751e8b465ee728b)  -> (artifact id: 'b111d7731ca511724c1d13dd77f67fe6') in 0.482694 seconds
  Import took 0.486241 seconds .

========================================================================
Received Import Request.
  Time since last request: 0.000461 seconds.
  path: Assets/TextMesh Pro/Examples _ Extras/Materials/Ground - Logo Scene.mat
  artifactKey: Guid(c719e38f25a9480abd2480ab621a2949) Importer(815301076,1909f56bfc062723c751e8b465ee728b)
Start importing Assets/TextMesh Pro/Examples _ Extras/Materials/Ground - Logo Scene.mat using Guid(c719e38f25a9480abd2480ab621a2949) Importer(815301076,1909f56bfc062723c751e8b465ee728b)  -> (artifact id: '94f8b415a2b58086209a0acf8881e538') in 0.150551 seconds
  Import took 0.156476 seconds .

========================================================================
Received Import Request.
  Time since last request: 0.000365 seconds.
  path: Assets/animations/xbot@Running (1).fbx
  artifactKey: Guid(bbd2c1a3dee0dc04398995a0d89c2292) Importer(815301076,1909f56bfc062723c751e8b465ee728b)
Start importing Assets/animations/xbot@Running (1).fbx using Guid(bbd2c1a3dee0dc04398995a0d89c2292) Importer(815301076,1909f56bfc062723c751e8b465ee728b)  -> (artifact id: 'f5729b7b125b7e5cda8248e205f56151') in 0.161003 seconds
  Import took 0.165775 seconds .

========================================================================
Received Import Request.
  Time since last request: 0.000465 seconds.
  path: Assets/TextMesh Pro/Examples _ Extras/Resources/Fonts _ Materials/LiberationSans SDF - Metalic Green.mat
  artifactKey: Guid(8b29aaa3eec7468097ff07adfcf29ac9) Importer(815301076,1909f56bfc062723c751e8b465ee728b)
Start importing Assets/TextMesh Pro/Examples _ Extras/Resources/Fonts _ Materials/LiberationSans SDF - Metalic Green.mat using Guid(8b29aaa3eec7468097ff07adfcf29ac9) Importer(815301076,1909f56bfc062723c751e8b465ee728b)  -> (artifact id: '59d0c4413ba52b76c9e94ff3e5ca2333') in 0.211133 seconds
  Import took 0.215081 seconds .

========================================================================
Received Import Request.
  Time since last request: 0.000430 seconds.
  path: Assets/animations/xbot@Running Slide (1).fbx
  artifactKey: Guid(924f58e804802714180f4f1f5224dea1) Importer(815301076,1909f56bfc062723c751e8b465ee728b)
Start importing Assets/animations/xbot@Running Slide (1).fbx using Guid(924f58e804802714180f4f1f5224dea1) Importer(815301076,1909f56bfc062723c751e8b465ee728b)  -> (artifact id: 'a599f3f73e6e58deff48e1656111b308') in 0.201415 seconds
  Import took 0.205340 seconds .

========================================================================
Received Import Request.
  Time since last request: 0.000627 seconds.
  path: Assets/Resources/CLOTH_1.mat
  artifactKey: Guid(bb9a1f69052aa9e4893637da68a3cee6) Importer(815301076,1909f56bfc062723c751e8b465ee728b)
Start importing Assets/Resources/CLOTH_1.mat using Guid(bb9a1f69052aa9e4893637da68a3cee6) Importer(815301076,1909f56bfc062723c751e8b465ee728b)  -> (artifact id: '36fa60d61e997dd70104af759321c49a') in 0.177152 seconds
  Import took 0.180310 seconds .

========================================================================
Received Import Request.
  Time since last request: 0.000370 seconds.
  path: Assets/TextMesh Pro/Examples _ Extras/Fonts/Anton.ttf
  artifactKey: Guid(997a43b767814dd0a7642ec9b78cba41) Importer(815301076,1909f56bfc062723c751e8b465ee728b)
Start importing Assets/TextMesh Pro/Examples _ Extras/Fonts/Anton.ttf using Guid(997a43b767814dd0a7642ec9b78cba41) Importer(815301076,1909f56bfc062723c751e8b465ee728b)  -> (artifact id: 'b2f3fed9213a1ccefa6ae6581444a8f2') in 0.018594 seconds
  Import took 0.022681 seconds .

========================================================================
Received Import Request.
  Time since last request: 0.000398 seconds.
  path: Assets/TextMesh Pro/Examples _ Extras/Resources/Fonts _ Materials/LiberationSans SDF - Soft Mask.mat
  artifactKey: Guid(42df1c7856584b6b8db9a509b6b10074) Importer(815301076,1909f56bfc062723c751e8b465ee728b)
Start importing Assets/TextMesh Pro/Examples _ Extras/Resources/Fonts _ Materials/LiberationSans SDF - Soft Mask.mat using Guid(42df1c7856584b6b8db9a509b6b10074) Importer(815301076,1909f56bfc062723c751e8b465ee728b)  -> (artifact id: 'c5bde660c21c515cd698c5ae25c2a7c4') in 0.068427 seconds
  Import took 0.072520 seconds .

========================================================================
Received Prepare
Registering precompiled user dll's ...
Registered in 0.012236 seconds.
Begin MonoManager ReloadAssembly
Native extension for WindowsStandalone target not found
Refreshing native plugins compatible for Editor in 0.54 ms, found 2 plugins.
Preloading 0 native plugins for Editor in 0.00 ms.
Mono: successfully reloaded assembly
- Completed reload, in  1.502 seconds
Platform modules already initialized, skipping
Refreshing native plugins compatible for Editor in 1.03 ms, found 2 plugins.
Preloading 0 native plugins for Editor in 0.00 ms.
Unloading 1545 Unused Serialized files (Serialized files now loaded: 0)
System memory in use before: 88.7 MB.
System memory in use after: 88.7 MB.

Unloading 28 unused Assets to reduce memory usage. Loaded Objects now: 2040.
Total: 4.128800 ms (FindLiveObjects: 0.353800 ms CreateObjectMapping: 0.190800 ms MarkObjects: 3.492900 ms  DeleteObjects: 0.088900 ms)

========================================================================
Received Import Request.
  Time since last request: 694.595010 seconds.
  path: Assets/Scenes/Main Menu.unity
  artifactKey: Guid(de622dbb43a0f0143a8afb71dfbb6795) Importer(815301076,1909f56bfc062723c751e8b465ee728b)
Start importing Assets/Scenes/Main Menu.unity using Guid(de622dbb43a0f0143a8afb71dfbb6795) Importer(815301076,1909f56bfc062723c751e8b465ee728b)  -> (artifact id: 'de611bd9aa34e154d5918cbbe368cad4') in 0.021893 seconds
  Import took 0.026609 seconds .

========================================================================
Received Prepare
Registering precompiled user dll's ...
Registered in 0.006493 seconds.
Begin MonoManager ReloadAssembly
Native extension for WindowsStandalone target not found
Refreshing native plugins compatible for Editor in 0.63 ms, found 2 plugins.
Preloading 0 native plugins for Editor in 0.00 ms.
Mono: successfully reloaded assembly
- Completed reload, in  1.415 seconds
Platform modules already initialized, skipping
Refreshing native plugins compatible for Editor in 0.60 ms, found 2 plugins.
Preloading 0 native plugins for Editor in 0.00 ms.
Unloading 1545 Unused Serialized files (Serialized files now loaded: 0)
System memory in use before: 88.7 MB.
System memory in use after: 88.8 MB.

Unloading 28 unused Assets to reduce memory usage. Loaded Objects now: 2043.
Total: 2.379800 ms (FindLiveObjects: 0.278400 ms CreateObjectMapping: 0.079900 ms MarkObjects: 1.925400 ms  DeleteObjects: 0.094400 ms)

========================================================================
Received Import Request.
  Time since last request: 4.913952 seconds.
  path: Assets/Scenes/CUSTUMIZE.unity
  artifactKey: Guid(f29be464b6e1f58469bf3833184872fb) Importer(815301076,1909f56bfc062723c751e8b465ee728b)
Start importing Assets/Scenes/CUSTUMIZE.unity using Guid(f29be464b6e1f58469bf3833184872fb) Importer(815301076,1909f56bfc062723c751e8b465ee728b)  -> (artifact id: '0c9732ab2ac76e6012092e33c4ee0d17') in 0.025924 seconds
  Import took 0.050922 seconds .

========================================================================
Received Prepare
Registering precompiled user dll's ...
Registered in 0.007044 seconds.
Begin MonoManager ReloadAssembly
Native extension for WindowsStandalone target not found
Refreshing native plugins compatible for Editor in 0.58 ms, found 2 plugins.
Preloading 0 native plugins for Editor in 0.00 ms.
Mono: successfully reloaded assembly
- Completed reload, in  1.420 seconds
Platform modules already initialized, skipping
Refreshing native plugins compatible for Editor in 0.81 ms, found 2 plugins.
Preloading 0 native plugins for Editor in 0.00 ms.
Unloading 1545 Unused Serialized files (Serialized files now loaded: 0)
System memory in use before: 88.7 MB.
System memory in use after: 88.8 MB.

Unloading 28 unused Assets to reduce memory usage. Loaded Objects now: 2046.
Total: 2.895800 ms (FindLiveObjects: 0.229000 ms CreateObjectMapping: 0.128800 ms MarkObjects: 2.446500 ms  DeleteObjects: 0.089700 ms)

========================================================================
Received Prepare
Registering precompiled user dll's ...
Registered in 0.077062 seconds.
Begin MonoManager ReloadAssembly
Native extension for WindowsStandalone target not found
Refreshing native plugins compatible for Editor in 0.83 ms, found 2 plugins.
Preloading 0 native plugins for Editor in 0.00 ms.
Mono: successfully reloaded assembly
- Completed reload, in  1.549 seconds
Platform modules already initialized, skipping
Refreshing native plugins compatible for Editor in 0.52 ms, found 2 plugins.
Preloading 0 native plugins for Editor in 0.00 ms.
Unloading 1545 Unused Serialized files (Serialized files now loaded: 0)
System memory in use before: 88.7 MB.
System memory in use after: 88.8 MB.

Unloading 28 unused Assets to reduce memory usage. Loaded Objects now: 2049.
Total: 3.200900 ms (FindLiveObjects: 0.344400 ms CreateObjectMapping: 0.168800 ms MarkObjects: 2.612800 ms  DeleteObjects: 0.073500 ms)

========================================================================
Received Import Request.
  Time since last request: 354.810439 seconds.
  path: Assets/SCRIPTS/PlayerMovement.cs
  artifactKey: Guid(5b3917d4876e3db409a64feba23ff842) Importer(815301076,1909f56bfc062723c751e8b465ee728b)
Start importing Assets/SCRIPTS/PlayerMovement.cs using Guid(5b3917d4876e3db409a64feba23ff842) Importer(815301076,1909f56bfc062723c751e8b465ee728b)  -> (artifact id: 'eb470dca7512b0183b9a46c682d11958') in 0.037949 seconds
  Import took 0.041839 seconds .

========================================================================
Received Prepare
Registering precompiled user dll's ...
Registered in 0.013645 seconds.
Begin MonoManager ReloadAssembly
Native extension for WindowsStandalone target not found
Refreshing native plugins compatible for Editor in 0.58 ms, found 2 plugins.
Preloading 0 native plugins for Editor in 0.00 ms.
Mono: successfully reloaded assembly
- Completed reload, in  1.936 seconds
Platform modules already initialized, skipping
Refreshing native plugins compatible for Editor in 0.94 ms, found 2 plugins.
Preloading 0 native plugins for Editor in 0.00 ms.
Unloading 1545 Unused Serialized files (Serialized files now loaded: 0)
System memory in use before: 88.7 MB.
System memory in use after: 88.8 MB.

Unloading 28 unused Assets to reduce memory usage. Loaded Objects now: 2052.
Total: 3.546200 ms (FindLiveObjects: 0.262900 ms CreateObjectMapping: 0.074700 ms MarkObjects: 3.103400 ms  DeleteObjects: 0.103300 ms)

========================================================================
Received Prepare
Registering precompiled user dll's ...
Registered in 0.007542 seconds.
Begin MonoManager ReloadAssembly
Native extension for WindowsStandalone target not found
Refreshing native plugins compatible for Editor in 0.50 ms, found 2 plugins.
Preloading 0 native plugins for Editor in 0.00 ms.
Mono: successfully reloaded assembly
- Completed reload, in  1.467 seconds
Platform modules already initialized, skipping
Refreshing native plugins compatible for Editor in 0.53 ms, found 2 plugins.
Preloading 0 native plugins for Editor in 0.00 ms.
Unloading 1545 Unused Serialized files (Serialized files now loaded: 0)
System memory in use before: 88.8 MB.
System memory in use after: 88.8 MB.

Unloading 28 unused Assets to reduce memory usage. Loaded Objects now: 2055.
Total: 2.719000 ms (FindLiveObjects: 0.175900 ms CreateObjectMapping: 0.061000 ms MarkObjects: 2.406600 ms  DeleteObjects: 0.073900 ms)

========================================================================
Received Prepare
Registering precompiled user dll's ...
Registered in 0.007920 seconds.
Begin MonoManager ReloadAssembly
Native extension for WindowsStandalone target not found
Refreshing native plugins compatible for Editor in 0.66 ms, found 2 plugins.
Preloading 0 native plugins for Editor in 0.00 ms.
Mono: successfully reloaded assembly
- Completed reload, in  1.389 seconds
Platform modules already initialized, skipping
Refreshing native plugins compatible for Editor in 0.85 ms, found 2 plugins.
Preloading 0 native plugins for Editor in 0.00 ms.
Unloading 1545 Unused Serialized files (Serialized files now loaded: 0)
System memory in use before: 88.8 MB.
System memory in use after: 88.8 MB.

Unloading 28 unused Assets to reduce memory usage. Loaded Objects now: 2058.
Total: 2.477700 ms (FindLiveObjects: 0.256600 ms CreateObjectMapping: 0.242200 ms MarkObjects: 1.879800 ms  DeleteObjects: 0.097600 ms)

========================================================================
Received Prepare
Refreshing native plugins compatible for Editor in 11.17 ms, found 2 plugins.
Preloading 0 native plugins for Editor in 0.00 ms.
Unloading 26 Unused Serialized files (Serialized files now loaded: 0)
System memory in use before: 58.7 MB.
System memory in use after: 58.8 MB.

Unloading 26 unused Assets to reduce memory usage. Loaded Objects now: 2058.
Total: 3.948800 ms (FindLiveObjects: 0.212200 ms CreateObjectMapping: 0.081200 ms MarkObjects: 3.541800 ms  DeleteObjects: 0.112300 ms)

AssetImportWorkerClient::OnTransportError - code=2 error=End of file
